[0.634s] DEBUG:colcon:Command line arguments: ['/usr/bin/colcon', 'build']
[0.635s] DEBUG:colcon:Parsed command line arguments: Namespace(log_base=None, log_level=None, verb_name='build', build_base='build', install_base='install', merge_install=False, symlink_install=False, test_result_base=None, continue_on_error=False, executor='parallel', parallel_workers=4, event_handlers=None, ignore_user_meta=False, metas=['./colcon.meta'], base_paths=['.'], packages_ignore=None, packages_ignore_regex=None, paths=None, packages_up_to=None, packages_up_to_regex=None, packages_above=None, packages_above_and_dependencies=None, packages_above_depth=None, packages_select_by_dep=None, packages_skip_by_dep=None, packages_skip_up_to=None, packages_select_build_failed=False, packages_skip_build_finished=False, packages_select_test_failures=False, packages_skip_test_passed=False, packages_select=None, packages_skip=None, packages_select_regex=None, packages_skip_regex=None, packages_start=None, packages_end=None, allow_overriding=[], cmake_args=None, cmake_target=None, cmake_target_skip_unavailable=False, cmake_clean_cache=False, cmake_clean_first=False, cmake_force_configure=False, ament_cmake_args=None, catkin_cmake_args=None, catkin_skip_building_tests=False, mixin_files=None, mixin=None, verb_parser=<colcon_mixin.mixin.mixin_argument.MixinArgumentDecorator object at 0xffffbab65a20>, verb_extension=<colcon_core.verb.build.BuildVerb object at 0xffffbad0e9b0>, main=<bound method BuildVerb.main of <colcon_core.verb.build.BuildVerb object at 0xffffbad0e9b0>>, mixin_verb=('build',))
[1.746s] Level 1:colcon.colcon_core.package_discovery:discover_packages(colcon_meta) check parameters
[1.747s] Level 1:colcon.colcon_core.package_discovery:discover_packages(recursive) check parameters
[1.747s] Level 1:colcon.colcon_core.package_discovery:discover_packages(ignore) check parameters
[1.747s] Level 1:colcon.colcon_core.package_discovery:discover_packages(path) check parameters
[1.747s] Level 1:colcon.colcon_core.package_discovery:discover_packages(colcon_meta) discover
[1.748s] Level 1:colcon.colcon_core.package_discovery:discover_packages(recursive) discover
[1.748s] INFO:colcon.colcon_core.package_discovery:Crawling recursively for packages in '/home/lunabotics/lunabotics_workspace'
[1.748s] Level 1:colcon.colcon_core.package_identification:_identify(.) by extensions ['ignore', 'ignore_ament_install']
[1.749s] Level 1:colcon.colcon_core.package_identification:_identify(.) by extension 'ignore'
[1.749s] Level 1:colcon.colcon_core.package_identification:_identify(.) by extension 'ignore_ament_install'
[1.749s] Level 1:colcon.colcon_core.package_identification:_identify(.) by extensions ['colcon_pkg']
[1.749s] Level 1:colcon.colcon_core.package_identification:_identify(.) by extension 'colcon_pkg'
[1.749s] Level 1:colcon.colcon_core.package_identification:_identify(.) by extensions ['colcon_meta']
[1.750s] Level 1:colcon.colcon_core.package_identification:_identify(.) by extension 'colcon_meta'
[1.750s] Level 1:colcon.colcon_core.package_identification:_identify(.) by extensions ['ros']
[1.750s] Level 1:colcon.colcon_core.package_identification:_identify(.) by extension 'ros'
[1.804s] Level 1:colcon.colcon_core.package_identification:_identify(.) by extensions ['cmake', 'python']
[1.804s] Level 1:colcon.colcon_core.package_identification:_identify(.) by extension 'cmake'
[1.804s] Level 1:colcon.colcon_core.package_identification:_identify(.) by extension 'python'
[1.804s] Level 1:colcon.colcon_core.package_identification:_identify(.) by extensions ['python_setup_py']
[1.805s] Level 1:colcon.colcon_core.package_identification:_identify(.) by extension 'python_setup_py'
[1.805s] Level 1:colcon.colcon_core.package_identification:_identify(build) by extensions ['ignore', 'ignore_ament_install']
[1.805s] Level 1:colcon.colcon_core.package_identification:_identify(build) by extension 'ignore'
[1.806s] Level 1:colcon.colcon_core.package_identification:_identify(build) ignored
[1.806s] Level 1:colcon.colcon_core.package_identification:_identify(install) by extensions ['ignore', 'ignore_ament_install']
[1.807s] Level 1:colcon.colcon_core.package_identification:_identify(install) by extension 'ignore'
[1.807s] Level 1:colcon.colcon_core.package_identification:_identify(install) ignored
[1.807s] Level 1:colcon.colcon_core.package_identification:_identify(log) by extensions ['ignore', 'ignore_ament_install']
[1.808s] Level 1:colcon.colcon_core.package_identification:_identify(log) by extension 'ignore'
[1.808s] Level 1:colcon.colcon_core.package_identification:_identify(log) ignored
[1.808s] Level 1:colcon.colcon_core.package_identification:_identify(src) by extensions ['ignore', 'ignore_ament_install']
[1.808s] Level 1:colcon.colcon_core.package_identification:_identify(src) by extension 'ignore'
[1.809s] Level 1:colcon.colcon_core.package_identification:_identify(src) by extension 'ignore_ament_install'
[1.809s] Level 1:colcon.colcon_core.package_identification:_identify(src) by extensions ['colcon_pkg']
[1.809s] Level 1:colcon.colcon_core.package_identification:_identify(src) by extension 'colcon_pkg'
[1.809s] Level 1:colcon.colcon_core.package_identification:_identify(src) by extensions ['colcon_meta']
[1.810s] Level 1:colcon.colcon_core.package_identification:_identify(src) by extension 'colcon_meta'
[1.810s] Level 1:colcon.colcon_core.package_identification:_identify(src) by extensions ['ros']
[1.810s] Level 1:colcon.colcon_core.package_identification:_identify(src) by extension 'ros'
[1.810s] Level 1:colcon.colcon_core.package_identification:_identify(src) by extensions ['cmake', 'python']
[1.810s] Level 1:colcon.colcon_core.package_identification:_identify(src) by extension 'cmake'
[1.811s] Level 1:colcon.colcon_core.package_identification:_identify(src) by extension 'python'
[1.811s] Level 1:colcon.colcon_core.package_identification:_identify(src) by extensions ['python_setup_py']
[1.811s] Level 1:colcon.colcon_core.package_identification:_identify(src) by extension 'python_setup_py'
[1.811s] Level 1:colcon.colcon_core.package_identification:_identify(src/ctrl_to_motor) by extensions ['ignore', 'ignore_ament_install']
[1.812s] Level 1:colcon.colcon_core.package_identification:_identify(src/ctrl_to_motor) by extension 'ignore'
[1.812s] Level 1:colcon.colcon_core.package_identification:_identify(src/ctrl_to_motor) by extension 'ignore_ament_install'
[1.812s] Level 1:colcon.colcon_core.package_identification:_identify(src/ctrl_to_motor) by extensions ['colcon_pkg']
[1.812s] Level 1:colcon.colcon_core.package_identification:_identify(src/ctrl_to_motor) by extension 'colcon_pkg'
[1.813s] Level 1:colcon.colcon_core.package_identification:_identify(src/ctrl_to_motor) by extensions ['colcon_meta']
[1.813s] Level 1:colcon.colcon_core.package_identification:_identify(src/ctrl_to_motor) by extension 'colcon_meta'
[1.813s] Level 1:colcon.colcon_core.package_identification:_identify(src/ctrl_to_motor) by extensions ['ros']
[1.813s] Level 1:colcon.colcon_core.package_identification:_identify(src/ctrl_to_motor) by extension 'ros'
[1.822s] DEBUG:colcon.colcon_core.package_identification:Package 'src/ctrl_to_motor' with type 'ros.ament_python' and name 'ctrl_to_motor'
[1.822s] Level 1:colcon.colcon_core.package_discovery:discover_packages(recursive) using defaults
[1.823s] Level 1:colcon.colcon_core.package_discovery:discover_packages(ignore) discover
[1.823s] Level 1:colcon.colcon_core.package_discovery:discover_packages(ignore) using defaults
[1.823s] Level 1:colcon.colcon_core.package_discovery:discover_packages(path) discover
[1.823s] Level 1:colcon.colcon_core.package_discovery:discover_packages(path) using defaults
[1.947s] Level 1:colcon.colcon_core.package_discovery:discover_packages(prefix_path) check parameters
[1.947s] Level 1:colcon.colcon_core.package_discovery:discover_packages(prefix_path) discover
[1.956s] DEBUG:colcon.colcon_installed_package_information.package_discovery:Found 1 installed packages in /home/lunabotics/lunabotics_workspace/install
[1.966s] DEBUG:colcon.colcon_installed_package_information.package_discovery:Found 281 installed packages in /opt/ros/humble
[1.973s] Level 1:colcon.colcon_core.package_discovery:discover_packages(prefix_path) using defaults
[2.147s] Level 5:colcon.colcon_core.verb:set package 'ctrl_to_motor' build argument 'cmake_args' from command line to 'None'
[2.147s] Level 5:colcon.colcon_core.verb:set package 'ctrl_to_motor' build argument 'cmake_target' from command line to 'None'
[2.147s] Level 5:colcon.colcon_core.verb:set package 'ctrl_to_motor' build argument 'cmake_target_skip_unavailable' from command line to 'False'
[2.147s] Level 5:colcon.colcon_core.verb:set package 'ctrl_to_motor' build argument 'cmake_clean_cache' from command line to 'False'
[2.147s] Level 5:colcon.colcon_core.verb:set package 'ctrl_to_motor' build argument 'cmake_clean_first' from command line to 'False'
[2.147s] Level 5:colcon.colcon_core.verb:set package 'ctrl_to_motor' build argument 'cmake_force_configure' from command line to 'False'
[2.147s] Level 5:colcon.colcon_core.verb:set package 'ctrl_to_motor' build argument 'ament_cmake_args' from command line to 'None'
[2.148s] Level 5:colcon.colcon_core.verb:set package 'ctrl_to_motor' build argument 'catkin_cmake_args' from command line to 'None'
[2.148s] Level 5:colcon.colcon_core.verb:set package 'ctrl_to_motor' build argument 'catkin_skip_building_tests' from command line to 'False'
[2.148s] DEBUG:colcon.colcon_core.verb:Building package 'ctrl_to_motor' with the following arguments: {'ament_cmake_args': None, 'build_base': '/home/lunabotics/lunabotics_workspace/build/ctrl_to_motor', 'catkin_cmake_args': None, 'catkin_skip_building_tests': False, 'cmake_args': None, 'cmake_clean_cache': False, 'cmake_clean_first': False, 'cmake_force_configure': False, 'cmake_target': None, 'cmake_target_skip_unavailable': False, 'install_base': '/home/lunabotics/lunabotics_workspace/install/ctrl_to_motor', 'merge_install': False, 'path': '/home/lunabotics/lunabotics_workspace/src/ctrl_to_motor', 'symlink_install': False, 'test_result_base': None}
[2.148s] INFO:colcon.colcon_core.executor:Executing jobs using 'parallel' executor
[2.152s] DEBUG:colcon.colcon_parallel_executor.executor.parallel:run_until_complete
[2.153s] INFO:colcon.colcon_ros.task.ament_python.build:Building ROS package in '/home/lunabotics/lunabotics_workspace/src/ctrl_to_motor' with build type 'ament_python'
[2.153s] Level 1:colcon.colcon_core.shell:create_environment_hook('ctrl_to_motor', 'ament_prefix_path')
[2.162s] INFO:colcon.colcon_core.plugin_system:Skipping extension 'colcon_core.shell.bat': Not used on non-Windows systems
[2.163s] INFO:colcon.colcon_core.shell:Creating environment hook '/home/lunabotics/lunabotics_workspace/install/ctrl_to_motor/share/ctrl_to_motor/hook/ament_prefix_path.ps1'
[2.166s] INFO:colcon.colcon_core.shell:Creating environment descriptor '/home/lunabotics/lunabotics_workspace/install/ctrl_to_motor/share/ctrl_to_motor/hook/ament_prefix_path.dsv'
[2.168s] INFO:colcon.colcon_core.shell:Creating environment hook '/home/lunabotics/lunabotics_workspace/install/ctrl_to_motor/share/ctrl_to_motor/hook/ament_prefix_path.sh'
[2.172s] INFO:colcon.colcon_core.shell:Skip shell extension 'powershell' for command environment: Not usable outside of PowerShell
[2.172s] DEBUG:colcon.colcon_core.shell:Skip shell extension 'dsv' for command environment
[3.751s] INFO:colcon.colcon_core.task.python.build:Building Python package in '/home/lunabotics/lunabotics_workspace/src/ctrl_to_motor'
[3.752s] INFO:colcon.colcon_core.shell:Skip shell extension 'powershell' for command environment: Not usable outside of PowerShell
[3.752s] DEBUG:colcon.colcon_core.shell:Skip shell extension 'dsv' for command environment
[5.370s] DEBUG:colcon.colcon_core.event_handler.log_command:Invoking command in '/home/lunabotics/lunabotics_workspace/src/ctrl_to_motor': PYTHONPATH=/home/lunabotics/lunabotics_workspace/build/ctrl_to_motor/prefix_override:/usr/lib/python3/dist-packages/colcon_core/task/python/colcon_distutils_commands:/home/lunabotics/lunabotics_workspace/install/ctrl_to_motor/lib/python3.10/site-packages:${PYTHONPATH} /usr/bin/python3 -W ignore:setup.py install is deprecated -W ignore:easy_install command is deprecated setup.py egg_info --egg-base ../../build/ctrl_to_motor build --build-base /home/lunabotics/lunabotics_workspace/build/ctrl_to_motor/build install --record /home/lunabotics/lunabotics_workspace/build/ctrl_to_motor/install.log --single-version-externally-managed install_data
[7.167s] DEBUG:colcon.colcon_core.event_handler.log_command:Invoked command in '/home/lunabotics/lunabotics_workspace/src/ctrl_to_motor' returned '0': PYTHONPATH=/home/lunabotics/lunabotics_workspace/build/ctrl_to_motor/prefix_override:/usr/lib/python3/dist-packages/colcon_core/task/python/colcon_distutils_commands:/home/lunabotics/lunabotics_workspace/install/ctrl_to_motor/lib/python3.10/site-packages:${PYTHONPATH} /usr/bin/python3 -W ignore:setup.py install is deprecated -W ignore:easy_install command is deprecated setup.py egg_info --egg-base ../../build/ctrl_to_motor build --build-base /home/lunabotics/lunabotics_workspace/build/ctrl_to_motor/build install --record /home/lunabotics/lunabotics_workspace/build/ctrl_to_motor/install.log --single-version-externally-managed install_data
[7.178s] Level 1:colcon.colcon_core.environment:checking '/home/lunabotics/lunabotics_workspace/install/ctrl_to_motor' for CMake module files
[7.181s] Level 1:colcon.colcon_core.environment:checking '/home/lunabotics/lunabotics_workspace/install/ctrl_to_motor' for CMake config files
[7.185s] Level 1:colcon.colcon_core.environment:checking '/home/lunabotics/lunabotics_workspace/install/ctrl_to_motor/lib'
[7.186s] Level 1:colcon.colcon_core.environment:checking '/home/lunabotics/lunabotics_workspace/install/ctrl_to_motor/bin'
[7.186s] Level 1:colcon.colcon_core.environment:checking '/home/lunabotics/lunabotics_workspace/install/ctrl_to_motor/lib/pkgconfig/ctrl_to_motor.pc'
[7.187s] Level 1:colcon.colcon_core.environment:checking '/home/lunabotics/lunabotics_workspace/install/ctrl_to_motor/lib/python3.10/site-packages'
[7.187s] Level 1:colcon.colcon_core.shell:create_environment_hook('ctrl_to_motor', 'pythonpath')
[7.188s] INFO:colcon.colcon_core.shell:Creating environment hook '/home/lunabotics/lunabotics_workspace/install/ctrl_to_motor/share/ctrl_to_motor/hook/pythonpath.ps1'
[7.190s] INFO:colcon.colcon_core.shell:Creating environment descriptor '/home/lunabotics/lunabotics_workspace/install/ctrl_to_motor/share/ctrl_to_motor/hook/pythonpath.dsv'
[7.192s] INFO:colcon.colcon_core.shell:Creating environment hook '/home/lunabotics/lunabotics_workspace/install/ctrl_to_motor/share/ctrl_to_motor/hook/pythonpath.sh'
[7.196s] Level 1:colcon.colcon_core.environment:checking '/home/lunabotics/lunabotics_workspace/install/ctrl_to_motor/bin'
[7.197s] Level 1:colcon.colcon_core.environment:create_environment_scripts_only(ctrl_to_motor)
[7.198s] INFO:colcon.colcon_core.shell:Creating package script '/home/lunabotics/lunabotics_workspace/install/ctrl_to_motor/share/ctrl_to_motor/package.ps1'
[7.202s] INFO:colcon.colcon_core.shell:Creating package descriptor '/home/lunabotics/lunabotics_workspace/install/ctrl_to_motor/share/ctrl_to_motor/package.dsv'
[7.206s] INFO:colcon.colcon_core.shell:Creating package script '/home/lunabotics/lunabotics_workspace/install/ctrl_to_motor/share/ctrl_to_motor/package.sh'
[7.209s] INFO:colcon.colcon_core.shell:Creating package script '/home/lunabotics/lunabotics_workspace/install/ctrl_to_motor/share/ctrl_to_motor/package.bash'
[7.214s] INFO:colcon.colcon_core.shell:Creating package script '/home/lunabotics/lunabotics_workspace/install/ctrl_to_motor/share/ctrl_to_motor/package.zsh'
[7.218s] Level 1:colcon.colcon_core.environment:create_file_with_runtime_dependencies(/home/lunabotics/lunabotics_workspace/install/ctrl_to_motor/share/colcon-core/packages/ctrl_to_motor)
[7.221s] DEBUG:colcon.colcon_parallel_executor.executor.parallel:closing loop
[7.223s] DEBUG:colcon.colcon_parallel_executor.executor.parallel:loop closed
[7.223s] DEBUG:colcon.colcon_parallel_executor.executor.parallel:run_until_complete finished with '0'
[7.223s] DEBUG:colcon.colcon_core.event_reactor:joining thread
[7.248s] INFO:colcon.colcon_core.plugin_system:Skipping extension 'colcon_notification.desktop_notification.terminal_notifier': Not used on non-Darwin systems
[7.248s] INFO:colcon.colcon_core.plugin_system:Skipping extension 'colcon_notification.desktop_notification.win32': Not used on non-Windows systems
[7.249s] INFO:colcon.colcon_notification.desktop_notification:Sending desktop notification using 'notify2'
[7.304s] DEBUG:colcon.colcon_core.event_reactor:joined thread
[7.305s] INFO:colcon.colcon_core.shell:Creating prefix script '/home/lunabotics/lunabotics_workspace/install/local_setup.ps1'
[7.310s] INFO:colcon.colcon_core.shell:Creating prefix util module '/home/lunabotics/lunabotics_workspace/install/_local_setup_util_ps1.py'
[7.320s] INFO:colcon.colcon_core.shell:Creating prefix chain script '/home/lunabotics/lunabotics_workspace/install/setup.ps1'
[7.326s] INFO:colcon.colcon_core.shell:Creating prefix script '/home/lunabotics/lunabotics_workspace/install/local_setup.sh'
[7.330s] INFO:colcon.colcon_core.shell:Creating prefix util module '/home/lunabotics/lunabotics_workspace/install/_local_setup_util_sh.py'
[7.334s] INFO:colcon.colcon_core.shell:Creating prefix chain script '/home/lunabotics/lunabotics_workspace/install/setup.sh'
[7.340s] INFO:colcon.colcon_core.shell:Creating prefix script '/home/lunabotics/lunabotics_workspace/install/local_setup.bash'
[7.343s] INFO:colcon.colcon_core.shell:Creating prefix chain script '/home/lunabotics/lunabotics_workspace/install/setup.bash'
[7.349s] INFO:colcon.colcon_core.shell:Creating prefix script '/home/lunabotics/lunabotics_workspace/install/local_setup.zsh'
[7.353s] INFO:colcon.colcon_core.shell:Creating prefix chain script '/home/lunabotics/lunabotics_workspace/install/setup.zsh'
