[1.253s] DEBUG:colcon:Command line arguments: ['/usr/bin/colcon', 'build']
[1.254s] DEBUG:colcon:Parsed command line arguments: Namespace(log_base=None, log_level=None, verb_name='build', build_base='build', install_base='install', merge_install=False, symlink_install=False, test_result_base=None, continue_on_error=False, executor='parallel', parallel_workers=4, event_handlers=None, ignore_user_meta=False, metas=['./colcon.meta'], base_paths=['.'], packages_ignore=None, packages_ignore_regex=None, paths=None, packages_up_to=None, packages_up_to_regex=None, packages_above=None, packages_above_and_dependencies=None, packages_above_depth=None, packages_select_by_dep=None, packages_skip_by_dep=None, packages_skip_up_to=None, packages_select_build_failed=False, packages_skip_build_finished=False, packages_select_test_failures=False, packages_skip_test_passed=False, packages_select=None, packages_skip=None, packages_select_regex=None, packages_skip_regex=None, packages_start=None, packages_end=None, allow_overriding=[], cmake_args=None, cmake_target=None, cmake_target_skip_unavailable=False, cmake_clean_cache=False, cmake_clean_first=False, cmake_force_configure=False, ament_cmake_args=None, catkin_cmake_args=None, catkin_skip_building_tests=False, mixin_files=None, mixin=None, verb_parser=<colcon_mixin.mixin.mixin_argument.MixinArgumentDecorator object at 0xffffa2baf040>, verb_extension=<colcon_core.verb.build.BuildVerb object at 0xffffa2d47f40>, main=<bound method BuildVerb.main of <colcon_core.verb.build.BuildVerb object at 0xffffa2d47f40>>, mixin_verb=('build',))
[3.243s] Level 1:colcon.colcon_core.package_discovery:discover_packages(colcon_meta) check parameters
[3.245s] Level 1:colcon.colcon_core.package_discovery:discover_packages(recursive) check parameters
[3.246s] Level 1:colcon.colcon_core.package_discovery:discover_packages(ignore) check parameters
[3.247s] Level 1:colcon.colcon_core.package_discovery:discover_packages(path) check parameters
[3.248s] Level 1:colcon.colcon_core.package_discovery:discover_packages(colcon_meta) discover
[3.249s] Level 1:colcon.colcon_core.package_discovery:discover_packages(recursive) discover
[3.251s] INFO:colcon.colcon_core.package_discovery:Crawling recursively for packages in '/home/lunabotics/lunabotics-csu25/lunabotics_workspace/src/manual_drive'
[3.253s] Level 1:colcon.colcon_core.package_identification:_identify(.) by extensions ['ignore', 'ignore_ament_install']
[3.255s] Level 1:colcon.colcon_core.package_identification:_identify(.) by extension 'ignore'
[3.258s] Level 1:colcon.colcon_core.package_identification:_identify(.) by extension 'ignore_ament_install'
[3.260s] Level 1:colcon.colcon_core.package_identification:_identify(.) by extensions ['colcon_pkg']
[3.262s] Level 1:colcon.colcon_core.package_identification:_identify(.) by extension 'colcon_pkg'
[3.264s] Level 1:colcon.colcon_core.package_identification:_identify(.) by extensions ['colcon_meta']
[3.266s] Level 1:colcon.colcon_core.package_identification:_identify(.) by extension 'colcon_meta'
[3.268s] Level 1:colcon.colcon_core.package_identification:_identify(.) by extensions ['ros']
[3.269s] Level 1:colcon.colcon_core.package_identification:_identify(.) by extension 'ros'
[3.347s] DEBUG:colcon.colcon_core.package_identification:Package '.' with type 'ros.ament_python' and name 'manual_drive'
[3.348s] Level 1:colcon.colcon_core.package_discovery:discover_packages(recursive) using defaults
[3.349s] Level 1:colcon.colcon_core.package_discovery:discover_packages(ignore) discover
[3.349s] Level 1:colcon.colcon_core.package_discovery:discover_packages(ignore) using defaults
[3.350s] Level 1:colcon.colcon_core.package_discovery:discover_packages(path) discover
[3.351s] Level 1:colcon.colcon_core.package_discovery:discover_packages(path) using defaults
[3.506s] Level 1:colcon.colcon_core.package_discovery:discover_packages(prefix_path) check parameters
[3.506s] Level 1:colcon.colcon_core.package_discovery:discover_packages(prefix_path) discover
[3.521s] DEBUG:colcon.colcon_installed_package_information.package_discovery:Found 8 installed packages in /home/lunabotics/lunabotics-csu25/lunabotics_workspace/install
[3.532s] DEBUG:colcon.colcon_installed_package_information.package_discovery:Found 283 installed packages in /opt/ros/humble
[3.539s] Level 1:colcon.colcon_core.package_discovery:discover_packages(prefix_path) using defaults
[3.932s] Level 5:colcon.colcon_core.verb:set package 'manual_drive' build argument 'cmake_args' from command line to 'None'
[3.932s] Level 5:colcon.colcon_core.verb:set package 'manual_drive' build argument 'cmake_target' from command line to 'None'
[3.932s] Level 5:colcon.colcon_core.verb:set package 'manual_drive' build argument 'cmake_target_skip_unavailable' from command line to 'False'
[3.933s] Level 5:colcon.colcon_core.verb:set package 'manual_drive' build argument 'cmake_clean_cache' from command line to 'False'
[3.933s] Level 5:colcon.colcon_core.verb:set package 'manual_drive' build argument 'cmake_clean_first' from command line to 'False'
[3.933s] Level 5:colcon.colcon_core.verb:set package 'manual_drive' build argument 'cmake_force_configure' from command line to 'False'
[3.933s] Level 5:colcon.colcon_core.verb:set package 'manual_drive' build argument 'ament_cmake_args' from command line to 'None'
[3.933s] Level 5:colcon.colcon_core.verb:set package 'manual_drive' build argument 'catkin_cmake_args' from command line to 'None'
[3.933s] Level 5:colcon.colcon_core.verb:set package 'manual_drive' build argument 'catkin_skip_building_tests' from command line to 'False'
[3.934s] DEBUG:colcon.colcon_core.verb:Building package 'manual_drive' with the following arguments: {'ament_cmake_args': None, 'build_base': '/home/lunabotics/lunabotics-csu25/lunabotics_workspace/src/manual_drive/build/manual_drive', 'catkin_cmake_args': None, 'catkin_skip_building_tests': False, 'cmake_args': None, 'cmake_clean_cache': False, 'cmake_clean_first': False, 'cmake_force_configure': False, 'cmake_target': None, 'cmake_target_skip_unavailable': False, 'install_base': '/home/lunabotics/lunabotics-csu25/lunabotics_workspace/src/manual_drive/install/manual_drive', 'merge_install': False, 'path': '/home/lunabotics/lunabotics-csu25/lunabotics_workspace/src/manual_drive', 'symlink_install': False, 'test_result_base': None}
[3.934s] INFO:colcon.colcon_core.executor:Executing jobs using 'parallel' executor
[3.938s] DEBUG:colcon.colcon_parallel_executor.executor.parallel:run_until_complete
[3.939s] INFO:colcon.colcon_ros.task.ament_python.build:Building ROS package in '/home/lunabotics/lunabotics-csu25/lunabotics_workspace/src/manual_drive' with build type 'ament_python'
[3.940s] Level 1:colcon.colcon_core.shell:create_environment_hook('manual_drive', 'ament_prefix_path')
[3.952s] INFO:colcon.colcon_core.plugin_system:Skipping extension 'colcon_core.shell.bat': Not used on non-Windows systems
[3.954s] INFO:colcon.colcon_core.shell:Creating environment hook '/home/lunabotics/lunabotics-csu25/lunabotics_workspace/src/manual_drive/install/manual_drive/share/manual_drive/hook/ament_prefix_path.ps1'
[3.957s] INFO:colcon.colcon_core.shell:Creating environment descriptor '/home/lunabotics/lunabotics-csu25/lunabotics_workspace/src/manual_drive/install/manual_drive/share/manual_drive/hook/ament_prefix_path.dsv'
[3.960s] INFO:colcon.colcon_core.shell:Creating environment hook '/home/lunabotics/lunabotics-csu25/lunabotics_workspace/src/manual_drive/install/manual_drive/share/manual_drive/hook/ament_prefix_path.sh'
[3.967s] INFO:colcon.colcon_core.shell:Skip shell extension 'powershell' for command environment: Not usable outside of PowerShell
[3.967s] DEBUG:colcon.colcon_core.shell:Skip shell extension 'dsv' for command environment
[7.370s] INFO:colcon.colcon_core.task.python.build:Building Python package in '/home/lunabotics/lunabotics-csu25/lunabotics_workspace/src/manual_drive'
[7.373s] INFO:colcon.colcon_core.shell:Skip shell extension 'powershell' for command environment: Not usable outside of PowerShell
[7.373s] DEBUG:colcon.colcon_core.shell:Skip shell extension 'dsv' for command environment
[11.635s] DEBUG:colcon.colcon_core.event_handler.log_command:Invoking command in '/home/lunabotics/lunabotics-csu25/lunabotics_workspace/src/manual_drive': PYTHONPATH=/home/lunabotics/lunabotics-csu25/lunabotics_workspace/src/manual_drive/build/manual_drive/prefix_override:/usr/lib/python3/dist-packages/colcon_core/task/python/colcon_distutils_commands:/home/lunabotics/lunabotics-csu25/lunabotics_workspace/src/manual_drive/install/manual_drive/lib/python3.10/site-packages:${PYTHONPATH} /usr/bin/python3 -W ignore:setup.py install is deprecated -W ignore:easy_install command is deprecated setup.py egg_info --egg-base build/manual_drive build --build-base /home/lunabotics/lunabotics-csu25/lunabotics_workspace/src/manual_drive/build/manual_drive/build install --record /home/lunabotics/lunabotics-csu25/lunabotics_workspace/src/manual_drive/build/manual_drive/install.log --single-version-externally-managed install_data
[15.739s] DEBUG:colcon.colcon_core.event_handler.log_command:Invoked command in '/home/lunabotics/lunabotics-csu25/lunabotics_workspace/src/manual_drive' returned '0': PYTHONPATH=/home/lunabotics/lunabotics-csu25/lunabotics_workspace/src/manual_drive/build/manual_drive/prefix_override:/usr/lib/python3/dist-packages/colcon_core/task/python/colcon_distutils_commands:/home/lunabotics/lunabotics-csu25/lunabotics_workspace/src/manual_drive/install/manual_drive/lib/python3.10/site-packages:${PYTHONPATH} /usr/bin/python3 -W ignore:setup.py install is deprecated -W ignore:easy_install command is deprecated setup.py egg_info --egg-base build/manual_drive build --build-base /home/lunabotics/lunabotics-csu25/lunabotics_workspace/src/manual_drive/build/manual_drive/build install --record /home/lunabotics/lunabotics-csu25/lunabotics_workspace/src/manual_drive/build/manual_drive/install.log --single-version-externally-managed install_data
[15.758s] Level 1:colcon.colcon_core.environment:checking '/home/lunabotics/lunabotics-csu25/lunabotics_workspace/src/manual_drive/install/manual_drive' for CMake module files
[15.764s] Level 1:colcon.colcon_core.environment:checking '/home/lunabotics/lunabotics-csu25/lunabotics_workspace/src/manual_drive/install/manual_drive' for CMake config files
[15.775s] Level 1:colcon.colcon_core.environment:checking '/home/lunabotics/lunabotics-csu25/lunabotics_workspace/src/manual_drive/install/manual_drive/lib'
[15.778s] Level 1:colcon.colcon_core.environment:checking '/home/lunabotics/lunabotics-csu25/lunabotics_workspace/src/manual_drive/install/manual_drive/bin'
[15.779s] Level 1:colcon.colcon_core.environment:checking '/home/lunabotics/lunabotics-csu25/lunabotics_workspace/src/manual_drive/install/manual_drive/lib/pkgconfig/manual_drive.pc'
[15.784s] Level 1:colcon.colcon_core.environment:checking '/home/lunabotics/lunabotics-csu25/lunabotics_workspace/src/manual_drive/install/manual_drive/lib/python3.10/site-packages'
[15.785s] Level 1:colcon.colcon_core.shell:create_environment_hook('manual_drive', 'pythonpath')
[15.787s] INFO:colcon.colcon_core.shell:Creating environment hook '/home/lunabotics/lunabotics-csu25/lunabotics_workspace/src/manual_drive/install/manual_drive/share/manual_drive/hook/pythonpath.ps1'
[15.792s] INFO:colcon.colcon_core.shell:Creating environment descriptor '/home/lunabotics/lunabotics-csu25/lunabotics_workspace/src/manual_drive/install/manual_drive/share/manual_drive/hook/pythonpath.dsv'
[15.798s] INFO:colcon.colcon_core.shell:Creating environment hook '/home/lunabotics/lunabotics-csu25/lunabotics_workspace/src/manual_drive/install/manual_drive/share/manual_drive/hook/pythonpath.sh'
[15.806s] Level 1:colcon.colcon_core.environment:checking '/home/lunabotics/lunabotics-csu25/lunabotics_workspace/src/manual_drive/install/manual_drive/bin'
[15.807s] Level 1:colcon.colcon_core.environment:create_environment_scripts_only(manual_drive)
[15.811s] INFO:colcon.colcon_core.shell:Creating package script '/home/lunabotics/lunabotics-csu25/lunabotics_workspace/src/manual_drive/install/manual_drive/share/manual_drive/package.ps1'
[15.820s] INFO:colcon.colcon_core.shell:Creating package descriptor '/home/lunabotics/lunabotics-csu25/lunabotics_workspace/src/manual_drive/install/manual_drive/share/manual_drive/package.dsv'
[15.827s] INFO:colcon.colcon_core.shell:Creating package script '/home/lunabotics/lunabotics-csu25/lunabotics_workspace/src/manual_drive/install/manual_drive/share/manual_drive/package.sh'
[15.834s] INFO:colcon.colcon_core.shell:Creating package script '/home/lunabotics/lunabotics-csu25/lunabotics_workspace/src/manual_drive/install/manual_drive/share/manual_drive/package.bash'
[15.840s] INFO:colcon.colcon_core.shell:Creating package script '/home/lunabotics/lunabotics-csu25/lunabotics_workspace/src/manual_drive/install/manual_drive/share/manual_drive/package.zsh'
[15.848s] Level 1:colcon.colcon_core.environment:create_file_with_runtime_dependencies(/home/lunabotics/lunabotics-csu25/lunabotics_workspace/src/manual_drive/install/manual_drive/share/colcon-core/packages/manual_drive)
[15.854s] DEBUG:colcon.colcon_parallel_executor.executor.parallel:closing loop
[15.858s] DEBUG:colcon.colcon_parallel_executor.executor.parallel:loop closed
[15.859s] DEBUG:colcon.colcon_parallel_executor.executor.parallel:run_until_complete finished with '0'
[15.859s] DEBUG:colcon.colcon_core.event_reactor:joining thread
[15.909s] INFO:colcon.colcon_core.plugin_system:Skipping extension 'colcon_notification.desktop_notification.terminal_notifier': Not used on non-Darwin systems
[15.910s] INFO:colcon.colcon_core.plugin_system:Skipping extension 'colcon_notification.desktop_notification.win32': Not used on non-Windows systems
[15.910s] INFO:colcon.colcon_notification.desktop_notification:Sending desktop notification using 'notify2'
[16.011s] DEBUG:colcon.colcon_core.event_reactor:joined thread
[16.013s] INFO:colcon.colcon_core.shell:Creating prefix script '/home/lunabotics/lunabotics-csu25/lunabotics_workspace/src/manual_drive/install/local_setup.ps1'
[16.018s] INFO:colcon.colcon_core.shell:Creating prefix util module '/home/lunabotics/lunabotics-csu25/lunabotics_workspace/src/manual_drive/install/_local_setup_util_ps1.py'
[16.028s] INFO:colcon.colcon_core.shell:Creating prefix chain script '/home/lunabotics/lunabotics-csu25/lunabotics_workspace/src/manual_drive/install/setup.ps1'
[16.040s] INFO:colcon.colcon_core.shell:Creating prefix script '/home/lunabotics/lunabotics-csu25/lunabotics_workspace/src/manual_drive/install/local_setup.sh'
[16.045s] INFO:colcon.colcon_core.shell:Creating prefix util module '/home/lunabotics/lunabotics-csu25/lunabotics_workspace/src/manual_drive/install/_local_setup_util_sh.py'
[16.051s] INFO:colcon.colcon_core.shell:Creating prefix chain script '/home/lunabotics/lunabotics-csu25/lunabotics_workspace/src/manual_drive/install/setup.sh'
[16.061s] INFO:colcon.colcon_core.shell:Creating prefix script '/home/lunabotics/lunabotics-csu25/lunabotics_workspace/src/manual_drive/install/local_setup.bash'
[16.065s] INFO:colcon.colcon_core.shell:Creating prefix chain script '/home/lunabotics/lunabotics-csu25/lunabotics_workspace/src/manual_drive/install/setup.bash'
[16.075s] INFO:colcon.colcon_core.shell:Creating prefix script '/home/lunabotics/lunabotics-csu25/lunabotics_workspace/src/manual_drive/install/local_setup.zsh'
[16.080s] INFO:colcon.colcon_core.shell:Creating prefix chain script '/home/lunabotics/lunabotics-csu25/lunabotics_workspace/src/manual_drive/install/setup.zsh'
