[0.483s] DEBUG:colcon:Command line arguments: ['/usr/bin/colcon', 'build']
[0.484s] DEBUG:colcon:Parsed command line arguments: Namespace(log_base=None, log_level=None, verb_name='build', build_base='build', install_base='install', merge_install=False, symlink_install=False, test_result_base=None, continue_on_error=False, executor='parallel', parallel_workers=4, event_handlers=None, ignore_user_meta=False, metas=['./colcon.meta'], base_paths=['.'], packages_ignore=None, packages_ignore_regex=None, paths=None, packages_up_to=None, packages_up_to_regex=None, packages_above=None, packages_above_and_dependencies=None, packages_above_depth=None, packages_select_by_dep=None, packages_skip_by_dep=None, packages_skip_up_to=None, packages_select_build_failed=False, packages_skip_build_finished=False, packages_select_test_failures=False, packages_skip_test_passed=False, packages_select=None, packages_skip=None, packages_select_regex=None, packages_skip_regex=None, packages_start=None, packages_end=None, allow_overriding=[], cmake_args=None, cmake_target=None, cmake_target_skip_unavailable=False, cmake_clean_cache=False, cmake_clean_first=False, cmake_force_configure=False, ament_cmake_args=None, catkin_cmake_args=None, catkin_skip_building_tests=False, mixin_files=None, mixin=None, verb_parser=<colcon_mixin.mixin.mixin_argument.MixinArgumentDecorator object at 0xffff870f1d20>, verb_extension=<colcon_core.verb.build.BuildVerb object at 0xffff8729ecb0>, main=<bound method BuildVerb.main of <colcon_core.verb.build.BuildVerb object at 0xffff8729ecb0>>, mixin_verb=('build',))
[1.309s] Level 1:colcon.colcon_core.package_discovery:discover_packages(colcon_meta) check parameters
[1.309s] Level 1:colcon.colcon_core.package_discovery:discover_packages(recursive) check parameters
[1.310s] Level 1:colcon.colcon_core.package_discovery:discover_packages(ignore) check parameters
[1.310s] Level 1:colcon.colcon_core.package_discovery:discover_packages(path) check parameters
[1.310s] Level 1:colcon.colcon_core.package_discovery:discover_packages(colcon_meta) discover
[1.310s] Level 1:colcon.colcon_core.package_discovery:discover_packages(recursive) discover
[1.310s] INFO:colcon.colcon_core.package_discovery:Crawling recursively for packages in '/home/lunabotics/lunabotics_workspace'
[1.311s] Level 1:colcon.colcon_core.package_identification:_identify(.) by extensions ['ignore', 'ignore_ament_install']
[1.311s] Level 1:colcon.colcon_core.package_identification:_identify(.) by extension 'ignore'
[1.311s] Level 1:colcon.colcon_core.package_identification:_identify(.) by extension 'ignore_ament_install'
[1.311s] Level 1:colcon.colcon_core.package_identification:_identify(.) by extensions ['colcon_pkg']
[1.312s] Level 1:colcon.colcon_core.package_identification:_identify(.) by extension 'colcon_pkg'
[1.312s] Level 1:colcon.colcon_core.package_identification:_identify(.) by extensions ['colcon_meta']
[1.312s] Level 1:colcon.colcon_core.package_identification:_identify(.) by extension 'colcon_meta'
[1.312s] Level 1:colcon.colcon_core.package_identification:_identify(.) by extensions ['ros']
[1.312s] Level 1:colcon.colcon_core.package_identification:_identify(.) by extension 'ros'
[1.357s] Level 1:colcon.colcon_core.package_identification:_identify(.) by extensions ['cmake', 'python']
[1.357s] Level 1:colcon.colcon_core.package_identification:_identify(.) by extension 'cmake'
[1.358s] Level 1:colcon.colcon_core.package_identification:_identify(.) by extension 'python'
[1.358s] Level 1:colcon.colcon_core.package_identification:_identify(.) by extensions ['python_setup_py']
[1.358s] Level 1:colcon.colcon_core.package_identification:_identify(.) by extension 'python_setup_py'
[1.358s] Level 1:colcon.colcon_core.package_identification:_identify(build) by extensions ['ignore', 'ignore_ament_install']
[1.359s] Level 1:colcon.colcon_core.package_identification:_identify(build) by extension 'ignore'
[1.359s] Level 1:colcon.colcon_core.package_identification:_identify(build) ignored
[1.360s] Level 1:colcon.colcon_core.package_identification:_identify(install) by extensions ['ignore', 'ignore_ament_install']
[1.360s] Level 1:colcon.colcon_core.package_identification:_identify(install) by extension 'ignore'
[1.360s] Level 1:colcon.colcon_core.package_identification:_identify(install) ignored
[1.361s] Level 1:colcon.colcon_core.package_identification:_identify(log) by extensions ['ignore', 'ignore_ament_install']
[1.361s] Level 1:colcon.colcon_core.package_identification:_identify(log) by extension 'ignore'
[1.361s] Level 1:colcon.colcon_core.package_identification:_identify(log) ignored
[1.362s] Level 1:colcon.colcon_core.package_identification:_identify(src) by extensions ['ignore', 'ignore_ament_install']
[1.362s] Level 1:colcon.colcon_core.package_identification:_identify(src) by extension 'ignore'
[1.362s] Level 1:colcon.colcon_core.package_identification:_identify(src) by extension 'ignore_ament_install'
[1.362s] Level 1:colcon.colcon_core.package_identification:_identify(src) by extensions ['colcon_pkg']
[1.363s] Level 1:colcon.colcon_core.package_identification:_identify(src) by extension 'colcon_pkg'
[1.363s] Level 1:colcon.colcon_core.package_identification:_identify(src) by extensions ['colcon_meta']
[1.363s] Level 1:colcon.colcon_core.package_identification:_identify(src) by extension 'colcon_meta'
[1.363s] Level 1:colcon.colcon_core.package_identification:_identify(src) by extensions ['ros']
[1.363s] Level 1:colcon.colcon_core.package_identification:_identify(src) by extension 'ros'
[1.363s] Level 1:colcon.colcon_core.package_identification:_identify(src) by extensions ['cmake', 'python']
[1.364s] Level 1:colcon.colcon_core.package_identification:_identify(src) by extension 'cmake'
[1.364s] Level 1:colcon.colcon_core.package_identification:_identify(src) by extension 'python'
[1.364s] Level 1:colcon.colcon_core.package_identification:_identify(src) by extensions ['python_setup_py']
[1.364s] Level 1:colcon.colcon_core.package_identification:_identify(src) by extension 'python_setup_py'
[1.364s] Level 1:colcon.colcon_core.package_identification:_identify(src/ctrl_to_motor) by extensions ['ignore', 'ignore_ament_install']
[1.365s] Level 1:colcon.colcon_core.package_identification:_identify(src/ctrl_to_motor) by extension 'ignore'
[1.365s] Level 1:colcon.colcon_core.package_identification:_identify(src/ctrl_to_motor) by extension 'ignore_ament_install'
[1.365s] Level 1:colcon.colcon_core.package_identification:_identify(src/ctrl_to_motor) by extensions ['colcon_pkg']
[1.365s] Level 1:colcon.colcon_core.package_identification:_identify(src/ctrl_to_motor) by extension 'colcon_pkg'
[1.365s] Level 1:colcon.colcon_core.package_identification:_identify(src/ctrl_to_motor) by extensions ['colcon_meta']
[1.366s] Level 1:colcon.colcon_core.package_identification:_identify(src/ctrl_to_motor) by extension 'colcon_meta'
[1.366s] Level 1:colcon.colcon_core.package_identification:_identify(src/ctrl_to_motor) by extensions ['ros']
[1.366s] Level 1:colcon.colcon_core.package_identification:_identify(src/ctrl_to_motor) by extension 'ros'
[1.375s] DEBUG:colcon.colcon_core.package_identification:Package 'src/ctrl_to_motor' with type 'ros.ament_python' and name 'ctrl_to_motor'
[1.375s] Level 1:colcon.colcon_core.package_discovery:discover_packages(recursive) using defaults
[1.376s] Level 1:colcon.colcon_core.package_discovery:discover_packages(ignore) discover
[1.376s] Level 1:colcon.colcon_core.package_discovery:discover_packages(ignore) using defaults
[1.376s] Level 1:colcon.colcon_core.package_discovery:discover_packages(path) discover
[1.376s] Level 1:colcon.colcon_core.package_discovery:discover_packages(path) using defaults
[1.499s] Level 1:colcon.colcon_core.package_discovery:discover_packages(prefix_path) check parameters
[1.499s] Level 1:colcon.colcon_core.package_discovery:discover_packages(prefix_path) discover
[1.508s] DEBUG:colcon.colcon_installed_package_information.package_discovery:Found 2 installed packages in /home/lunabotics/lunabotics_workspace/install
[1.518s] DEBUG:colcon.colcon_installed_package_information.package_discovery:Found 281 installed packages in /opt/ros/humble
[1.524s] Level 1:colcon.colcon_core.package_discovery:discover_packages(prefix_path) using defaults
[1.695s] Level 5:colcon.colcon_core.verb:set package 'ctrl_to_motor' build argument 'cmake_args' from command line to 'None'
[1.696s] Level 5:colcon.colcon_core.verb:set package 'ctrl_to_motor' build argument 'cmake_target' from command line to 'None'
[1.696s] Level 5:colcon.colcon_core.verb:set package 'ctrl_to_motor' build argument 'cmake_target_skip_unavailable' from command line to 'False'
[1.696s] Level 5:colcon.colcon_core.verb:set package 'ctrl_to_motor' build argument 'cmake_clean_cache' from command line to 'False'
[1.696s] Level 5:colcon.colcon_core.verb:set package 'ctrl_to_motor' build argument 'cmake_clean_first' from command line to 'False'
[1.696s] Level 5:colcon.colcon_core.verb:set package 'ctrl_to_motor' build argument 'cmake_force_configure' from command line to 'False'
[1.696s] Level 5:colcon.colcon_core.verb:set package 'ctrl_to_motor' build argument 'ament_cmake_args' from command line to 'None'
[1.696s] Level 5:colcon.colcon_core.verb:set package 'ctrl_to_motor' build argument 'catkin_cmake_args' from command line to 'None'
[1.696s] Level 5:colcon.colcon_core.verb:set package 'ctrl_to_motor' build argument 'catkin_skip_building_tests' from command line to 'False'
[1.697s] DEBUG:colcon.colcon_core.verb:Building package 'ctrl_to_motor' with the following arguments: {'ament_cmake_args': None, 'build_base': '/home/lunabotics/lunabotics_workspace/build/ctrl_to_motor', 'catkin_cmake_args': None, 'catkin_skip_building_tests': False, 'cmake_args': None, 'cmake_clean_cache': False, 'cmake_clean_first': False, 'cmake_force_configure': False, 'cmake_target': None, 'cmake_target_skip_unavailable': False, 'install_base': '/home/lunabotics/lunabotics_workspace/install/ctrl_to_motor', 'merge_install': False, 'path': '/home/lunabotics/lunabotics_workspace/src/ctrl_to_motor', 'symlink_install': False, 'test_result_base': None}
[1.697s] INFO:colcon.colcon_core.executor:Executing jobs using 'parallel' executor
[1.701s] DEBUG:colcon.colcon_parallel_executor.executor.parallel:run_until_complete
[1.702s] INFO:colcon.colcon_ros.task.ament_python.build:Building ROS package in '/home/lunabotics/lunabotics_workspace/src/ctrl_to_motor' with build type 'ament_python'
[1.703s] Level 1:colcon.colcon_core.shell:create_environment_hook('ctrl_to_motor', 'ament_prefix_path')
[1.712s] INFO:colcon.colcon_core.plugin_system:Skipping extension 'colcon_core.shell.bat': Not used on non-Windows systems
[1.713s] INFO:colcon.colcon_core.shell:Creating environment hook '/home/lunabotics/lunabotics_workspace/install/ctrl_to_motor/share/ctrl_to_motor/hook/ament_prefix_path.ps1'
[1.716s] INFO:colcon.colcon_core.shell:Creating environment descriptor '/home/lunabotics/lunabotics_workspace/install/ctrl_to_motor/share/ctrl_to_motor/hook/ament_prefix_path.dsv'
[1.719s] INFO:colcon.colcon_core.shell:Creating environment hook '/home/lunabotics/lunabotics_workspace/install/ctrl_to_motor/share/ctrl_to_motor/hook/ament_prefix_path.sh'
[1.723s] INFO:colcon.colcon_core.shell:Skip shell extension 'powershell' for command environment: Not usable outside of PowerShell
[1.724s] DEBUG:colcon.colcon_core.shell:Skip shell extension 'dsv' for command environment
[3.065s] INFO:colcon.colcon_core.task.python.build:Building Python package in '/home/lunabotics/lunabotics_workspace/src/ctrl_to_motor'
[3.066s] INFO:colcon.colcon_core.shell:Skip shell extension 'powershell' for command environment: Not usable outside of PowerShell
[3.066s] DEBUG:colcon.colcon_core.shell:Skip shell extension 'dsv' for command environment
[4.758s] DEBUG:colcon.colcon_core.event_handler.log_command:Invoking command in '/home/lunabotics/lunabotics_workspace/src/ctrl_to_motor': PYTHONPATH=/home/lunabotics/lunabotics_workspace/build/ctrl_to_motor/prefix_override:/usr/lib/python3/dist-packages/colcon_core/task/python/colcon_distutils_commands:/home/lunabotics/lunabotics_workspace/install/ctrl_to_motor/lib/python3.10/site-packages:${PYTHONPATH} /usr/bin/python3 -W ignore:setup.py install is deprecated -W ignore:easy_install command is deprecated setup.py egg_info --egg-base ../../build/ctrl_to_motor build --build-base /home/lunabotics/lunabotics_workspace/build/ctrl_to_motor/build install --record /home/lunabotics/lunabotics_workspace/build/ctrl_to_motor/install.log --single-version-externally-managed install_data
[6.237s] DEBUG:colcon.colcon_core.event_handler.log_command:Invoked command in '/home/lunabotics/lunabotics_workspace/src/ctrl_to_motor' returned '0': PYTHONPATH=/home/lunabotics/lunabotics_workspace/build/ctrl_to_motor/prefix_override:/usr/lib/python3/dist-packages/colcon_core/task/python/colcon_distutils_commands:/home/lunabotics/lunabotics_workspace/install/ctrl_to_motor/lib/python3.10/site-packages:${PYTHONPATH} /usr/bin/python3 -W ignore:setup.py install is deprecated -W ignore:easy_install command is deprecated setup.py egg_info --egg-base ../../build/ctrl_to_motor build --build-base /home/lunabotics/lunabotics_workspace/build/ctrl_to_motor/build install --record /home/lunabotics/lunabotics_workspace/build/ctrl_to_motor/install.log --single-version-externally-managed install_data
[6.250s] Level 1:colcon.colcon_core.environment:checking '/home/lunabotics/lunabotics_workspace/install/ctrl_to_motor' for CMake module files
[6.253s] Level 1:colcon.colcon_core.environment:checking '/home/lunabotics/lunabotics_workspace/install/ctrl_to_motor' for CMake config files
[6.257s] Level 1:colcon.colcon_core.environment:checking '/home/lunabotics/lunabotics_workspace/install/ctrl_to_motor/lib'
[6.258s] Level 1:colcon.colcon_core.environment:checking '/home/lunabotics/lunabotics_workspace/install/ctrl_to_motor/bin'
[6.258s] Level 1:colcon.colcon_core.environment:checking '/home/lunabotics/lunabotics_workspace/install/ctrl_to_motor/lib/pkgconfig/ctrl_to_motor.pc'
[6.259s] Level 1:colcon.colcon_core.environment:checking '/home/lunabotics/lunabotics_workspace/install/ctrl_to_motor/lib/python3.10/site-packages'
[6.259s] Level 1:colcon.colcon_core.shell:create_environment_hook('ctrl_to_motor', 'pythonpath')
[6.260s] INFO:colcon.colcon_core.shell:Creating environment hook '/home/lunabotics/lunabotics_workspace/install/ctrl_to_motor/share/ctrl_to_motor/hook/pythonpath.ps1'
[6.263s] INFO:colcon.colcon_core.shell:Creating environment descriptor '/home/lunabotics/lunabotics_workspace/install/ctrl_to_motor/share/ctrl_to_motor/hook/pythonpath.dsv'
[6.266s] INFO:colcon.colcon_core.shell:Creating environment hook '/home/lunabotics/lunabotics_workspace/install/ctrl_to_motor/share/ctrl_to_motor/hook/pythonpath.sh'
[6.269s] Level 1:colcon.colcon_core.environment:checking '/home/lunabotics/lunabotics_workspace/install/ctrl_to_motor/bin'
[6.270s] Level 1:colcon.colcon_core.environment:create_environment_scripts_only(ctrl_to_motor)
[6.271s] INFO:colcon.colcon_core.shell:Creating package script '/home/lunabotics/lunabotics_workspace/install/ctrl_to_motor/share/ctrl_to_motor/package.ps1'
[6.277s] INFO:colcon.colcon_core.shell:Creating package descriptor '/home/lunabotics/lunabotics_workspace/install/ctrl_to_motor/share/ctrl_to_motor/package.dsv'
[6.279s] INFO:colcon.colcon_core.shell:Creating package script '/home/lunabotics/lunabotics_workspace/install/ctrl_to_motor/share/ctrl_to_motor/package.sh'
[6.284s] INFO:colcon.colcon_core.shell:Creating package script '/home/lunabotics/lunabotics_workspace/install/ctrl_to_motor/share/ctrl_to_motor/package.bash'
[6.288s] INFO:colcon.colcon_core.shell:Creating package script '/home/lunabotics/lunabotics_workspace/install/ctrl_to_motor/share/ctrl_to_motor/package.zsh'
[6.291s] Level 1:colcon.colcon_core.environment:create_file_with_runtime_dependencies(/home/lunabotics/lunabotics_workspace/install/ctrl_to_motor/share/colcon-core/packages/ctrl_to_motor)
[6.293s] DEBUG:colcon.colcon_parallel_executor.executor.parallel:closing loop
[6.294s] DEBUG:colcon.colcon_parallel_executor.executor.parallel:loop closed
[6.295s] DEBUG:colcon.colcon_parallel_executor.executor.parallel:run_until_complete finished with '0'
[6.295s] DEBUG:colcon.colcon_core.event_reactor:joining thread
[6.319s] INFO:colcon.colcon_core.plugin_system:Skipping extension 'colcon_notification.desktop_notification.terminal_notifier': Not used on non-Darwin systems
[6.320s] INFO:colcon.colcon_core.plugin_system:Skipping extension 'colcon_notification.desktop_notification.win32': Not used on non-Windows systems
[6.320s] INFO:colcon.colcon_notification.desktop_notification:Sending desktop notification using 'notify2'
[6.381s] DEBUG:colcon.colcon_core.event_reactor:joined thread
[6.383s] INFO:colcon.colcon_core.shell:Creating prefix script '/home/lunabotics/lunabotics_workspace/install/local_setup.ps1'
[6.388s] INFO:colcon.colcon_core.shell:Creating prefix util module '/home/lunabotics/lunabotics_workspace/install/_local_setup_util_ps1.py'
[6.396s] INFO:colcon.colcon_core.shell:Creating prefix chain script '/home/lunabotics/lunabotics_workspace/install/setup.ps1'
[6.402s] INFO:colcon.colcon_core.shell:Creating prefix script '/home/lunabotics/lunabotics_workspace/install/local_setup.sh'
[6.406s] INFO:colcon.colcon_core.shell:Creating prefix util module '/home/lunabotics/lunabotics_workspace/install/_local_setup_util_sh.py'
[6.409s] INFO:colcon.colcon_core.shell:Creating prefix chain script '/home/lunabotics/lunabotics_workspace/install/setup.sh'
[6.416s] INFO:colcon.colcon_core.shell:Creating prefix script '/home/lunabotics/lunabotics_workspace/install/local_setup.bash'
[6.419s] INFO:colcon.colcon_core.shell:Creating prefix chain script '/home/lunabotics/lunabotics_workspace/install/setup.bash'
[6.425s] INFO:colcon.colcon_core.shell:Creating prefix script '/home/lunabotics/lunabotics_workspace/install/local_setup.zsh'
[6.428s] INFO:colcon.colcon_core.shell:Creating prefix chain script '/home/lunabotics/lunabotics_workspace/install/setup.zsh'
