[3.086s] Invoking command in '/home/lunabotics/lunabotics_workspace/src/ctrl_to_motor': PYTHONPATH=/home/lunabotics/lunabotics_workspace/build/ctrl_to_motor/prefix_override:/usr/lib/python3/dist-packages/colcon_core/task/python/colcon_distutils_commands:/home/lunabotics/lunabotics_workspace/install/ctrl_to_motor/lib/python3.10/site-packages:${PYTHONPATH} /usr/bin/python3 -W ignore:setup.py install is deprecated -W ignore:easy_install command is deprecated setup.py egg_info --egg-base ../../build/ctrl_to_motor build --build-base /home/lunabotics/lunabotics_workspace/build/ctrl_to_motor/build install --record /home/lunabotics/lunabotics_workspace/build/ctrl_to_motor/install.log --single-version-externally-managed install_data
[4.295s] running egg_info
[4.298s] writing ../../build/ctrl_to_motor/ctrl_to_motor.egg-info/PKG-INFO
[4.299s] writing dependency_links to ../../build/ctrl_to_motor/ctrl_to_motor.egg-info/dependency_links.txt
[4.300s] writing entry points to ../../build/ctrl_to_motor/ctrl_to_motor.egg-info/entry_points.txt
[4.301s] writing requirements to ../../build/ctrl_to_motor/ctrl_to_motor.egg-info/requires.txt
[4.301s] writing top-level names to ../../build/ctrl_to_motor/ctrl_to_motor.egg-info/top_level.txt
[4.309s] reading manifest file '../../build/ctrl_to_motor/ctrl_to_motor.egg-info/SOURCES.txt'
[4.313s] writing manifest file '../../build/ctrl_to_motor/ctrl_to_motor.egg-info/SOURCES.txt'
[4.313s] running build
[4.314s] running build_py
[4.315s] copying ctrl_to_motor/ctrl_to_motor.py -> /home/lunabotics/lunabotics_workspace/build/ctrl_to_motor/build/lib/ctrl_to_motor
[4.321s] running install
[4.322s] running install_lib
[4.326s] copying /home/lunabotics/lunabotics_workspace/build/ctrl_to_motor/build/lib/ctrl_to_motor/ctrl_to_motor.py -> /home/lunabotics/lunabotics_workspace/install/ctrl_to_motor/lib/python3.10/site-packages/ctrl_to_motor
[4.329s] byte-compiling /home/lunabotics/lunabotics_workspace/install/ctrl_to_motor/lib/python3.10/site-packages/ctrl_to_motor/ctrl_to_motor.py to ctrl_to_motor.cpython-310.pyc
[4.331s] running install_data
[4.332s] running install_egg_info
[4.340s] removing '/home/lunabotics/lunabotics_workspace/install/ctrl_to_motor/lib/python3.10/site-packages/ctrl_to_motor-0.0.0-py3.10.egg-info' (and everything under it)
[4.341s] Copying ../../build/ctrl_to_motor/ctrl_to_motor.egg-info to /home/lunabotics/lunabotics_workspace/install/ctrl_to_motor/lib/python3.10/site-packages/ctrl_to_motor-0.0.0-py3.10.egg-info
[4.347s] running install_scripts
[4.433s] Installing ctrl_to_motor script to /home/lunabotics/lunabotics_workspace/install/ctrl_to_motor/lib/ctrl_to_motor
[4.434s] writing list of installed files to '/home/lunabotics/lunabotics_workspace/build/ctrl_to_motor/install.log'
[4.577s] Invoked command in '/home/lunabotics/lunabotics_workspace/src/ctrl_to_motor' returned '0': PYTHONPATH=/home/lunabotics/lunabotics_workspace/build/ctrl_to_motor/prefix_override:/usr/lib/python3/dist-packages/colcon_core/task/python/colcon_distutils_commands:/home/lunabotics/lunabotics_workspace/install/ctrl_to_motor/lib/python3.10/site-packages:${PYTHONPATH} /usr/bin/python3 -W ignore:setup.py install is deprecated -W ignore:easy_install command is deprecated setup.py egg_info --egg-base ../../build/ctrl_to_motor build --build-base /home/lunabotics/lunabotics_workspace/build/ctrl_to_motor/build install --record /home/lunabotics/lunabotics_workspace/build/ctrl_to_motor/install.log --single-version-externally-managed install_data
