[0.472s] DEBUG:colcon:Command line arguments: ['/usr/bin/colcon', 'build']
[0.473s] DEBUG:colcon:Parsed command line arguments: Namespace(log_base=None, log_level=None, verb_name='build', build_base='build', install_base='install', merge_install=False, symlink_install=False, test_result_base=None, continue_on_error=False, executor='parallel', parallel_workers=4, event_handlers=None, ignore_user_meta=False, metas=['./colcon.meta'], base_paths=['.'], packages_ignore=None, packages_ignore_regex=None, paths=None, packages_up_to=None, packages_up_to_regex=None, packages_above=None, packages_above_and_dependencies=None, packages_above_depth=None, packages_select_by_dep=None, packages_skip_by_dep=None, packages_skip_up_to=None, packages_select_build_failed=False, packages_skip_build_finished=False, packages_select_test_failures=False, packages_skip_test_passed=False, packages_select=None, packages_skip=None, packages_select_regex=None, packages_skip_regex=None, packages_start=None, packages_end=None, allow_overriding=[], cmake_args=None, cmake_target=None, cmake_target_skip_unavailable=False, cmake_clean_cache=False, cmake_clean_first=False, cmake_force_configure=False, ament_cmake_args=None, catkin_cmake_args=None, catkin_skip_building_tests=False, mixin_files=None, mixin=None, verb_parser=<colcon_mixin.mixin.mixin_argument.MixinArgumentDecorator object at 0xffff9cb15a20>, verb_extension=<colcon_core.verb.build.BuildVerb object at 0xffff9ccbe9b0>, main=<bound method BuildVerb.main of <colcon_core.verb.build.BuildVerb object at 0xffff9ccbe9b0>>, mixin_verb=('build',))
[1.275s] Level 1:colcon.colcon_core.package_discovery:discover_packages(colcon_meta) check parameters
[1.275s] Level 1:colcon.colcon_core.package_discovery:discover_packages(recursive) check parameters
[1.275s] Level 1:colcon.colcon_core.package_discovery:discover_packages(ignore) check parameters
[1.275s] Level 1:colcon.colcon_core.package_discovery:discover_packages(path) check parameters
[1.276s] Level 1:colcon.colcon_core.package_discovery:discover_packages(colcon_meta) discover
[1.276s] Level 1:colcon.colcon_core.package_discovery:discover_packages(recursive) discover
[1.276s] INFO:colcon.colcon_core.package_discovery:Crawling recursively for packages in '/home/lunabotics/lunabotics_workspace'
[1.276s] Level 1:colcon.colcon_core.package_identification:_identify(.) by extensions ['ignore', 'ignore_ament_install']
[1.277s] Level 1:colcon.colcon_core.package_identification:_identify(.) by extension 'ignore'
[1.277s] Level 1:colcon.colcon_core.package_identification:_identify(.) by extension 'ignore_ament_install'
[1.277s] Level 1:colcon.colcon_core.package_identification:_identify(.) by extensions ['colcon_pkg']
[1.277s] Level 1:colcon.colcon_core.package_identification:_identify(.) by extension 'colcon_pkg'
[1.278s] Level 1:colcon.colcon_core.package_identification:_identify(.) by extensions ['colcon_meta']
[1.278s] Level 1:colcon.colcon_core.package_identification:_identify(.) by extension 'colcon_meta'
[1.278s] Level 1:colcon.colcon_core.package_identification:_identify(.) by extensions ['ros']
[1.278s] Level 1:colcon.colcon_core.package_identification:_identify(.) by extension 'ros'
[1.323s] Level 1:colcon.colcon_core.package_identification:_identify(.) by extensions ['cmake', 'python']
[1.323s] Level 1:colcon.colcon_core.package_identification:_identify(.) by extension 'cmake'
[1.323s] Level 1:colcon.colcon_core.package_identification:_identify(.) by extension 'python'
[1.323s] Level 1:colcon.colcon_core.package_identification:_identify(.) by extensions ['python_setup_py']
[1.323s] Level 1:colcon.colcon_core.package_identification:_identify(.) by extension 'python_setup_py'
[1.324s] Level 1:colcon.colcon_core.package_identification:_identify(build) by extensions ['ignore', 'ignore_ament_install']
[1.324s] Level 1:colcon.colcon_core.package_identification:_identify(build) by extension 'ignore'
[1.324s] Level 1:colcon.colcon_core.package_identification:_identify(build) ignored
[1.325s] Level 1:colcon.colcon_core.package_identification:_identify(install) by extensions ['ignore', 'ignore_ament_install']
[1.325s] Level 1:colcon.colcon_core.package_identification:_identify(install) by extension 'ignore'
[1.326s] Level 1:colcon.colcon_core.package_identification:_identify(install) ignored
[1.326s] Level 1:colcon.colcon_core.package_identification:_identify(log) by extensions ['ignore', 'ignore_ament_install']
[1.326s] Level 1:colcon.colcon_core.package_identification:_identify(log) by extension 'ignore'
[1.327s] Level 1:colcon.colcon_core.package_identification:_identify(log) ignored
[1.327s] Level 1:colcon.colcon_core.package_identification:_identify(src) by extensions ['ignore', 'ignore_ament_install']
[1.327s] Level 1:colcon.colcon_core.package_identification:_identify(src) by extension 'ignore'
[1.327s] Level 1:colcon.colcon_core.package_identification:_identify(src) by extension 'ignore_ament_install'
[1.328s] Level 1:colcon.colcon_core.package_identification:_identify(src) by extensions ['colcon_pkg']
[1.328s] Level 1:colcon.colcon_core.package_identification:_identify(src) by extension 'colcon_pkg'
[1.328s] Level 1:colcon.colcon_core.package_identification:_identify(src) by extensions ['colcon_meta']
[1.328s] Level 1:colcon.colcon_core.package_identification:_identify(src) by extension 'colcon_meta'
[1.328s] Level 1:colcon.colcon_core.package_identification:_identify(src) by extensions ['ros']
[1.329s] Level 1:colcon.colcon_core.package_identification:_identify(src) by extension 'ros'
[1.329s] Level 1:colcon.colcon_core.package_identification:_identify(src) by extensions ['cmake', 'python']
[1.329s] Level 1:colcon.colcon_core.package_identification:_identify(src) by extension 'cmake'
[1.330s] Level 1:colcon.colcon_core.package_identification:_identify(src) by extension 'python'
[1.330s] Level 1:colcon.colcon_core.package_identification:_identify(src) by extensions ['python_setup_py']
[1.330s] Level 1:colcon.colcon_core.package_identification:_identify(src) by extension 'python_setup_py'
[1.330s] Level 1:colcon.colcon_core.package_identification:_identify(src/ctrl_to_motor) by extensions ['ignore', 'ignore_ament_install']
[1.331s] Level 1:colcon.colcon_core.package_identification:_identify(src/ctrl_to_motor) by extension 'ignore'
[1.331s] Level 1:colcon.colcon_core.package_identification:_identify(src/ctrl_to_motor) by extension 'ignore_ament_install'
[1.331s] Level 1:colcon.colcon_core.package_identification:_identify(src/ctrl_to_motor) by extensions ['colcon_pkg']
[1.331s] Level 1:colcon.colcon_core.package_identification:_identify(src/ctrl_to_motor) by extension 'colcon_pkg'
[1.332s] Level 1:colcon.colcon_core.package_identification:_identify(src/ctrl_to_motor) by extensions ['colcon_meta']
[1.332s] Level 1:colcon.colcon_core.package_identification:_identify(src/ctrl_to_motor) by extension 'colcon_meta'
[1.332s] Level 1:colcon.colcon_core.package_identification:_identify(src/ctrl_to_motor) by extensions ['ros']
[1.332s] Level 1:colcon.colcon_core.package_identification:_identify(src/ctrl_to_motor) by extension 'ros'
[1.341s] DEBUG:colcon.colcon_core.package_identification:Package 'src/ctrl_to_motor' with type 'ros.ament_python' and name 'ctrl_to_motor'
[1.341s] Level 1:colcon.colcon_core.package_discovery:discover_packages(recursive) using defaults
[1.342s] Level 1:colcon.colcon_core.package_discovery:discover_packages(ignore) discover
[1.342s] Level 1:colcon.colcon_core.package_discovery:discover_packages(ignore) using defaults
[1.342s] Level 1:colcon.colcon_core.package_discovery:discover_packages(path) discover
[1.342s] Level 1:colcon.colcon_core.package_discovery:discover_packages(path) using defaults
[1.466s] Level 1:colcon.colcon_core.package_discovery:discover_packages(prefix_path) check parameters
[1.466s] Level 1:colcon.colcon_core.package_discovery:discover_packages(prefix_path) discover
[1.474s] DEBUG:colcon.colcon_installed_package_information.package_discovery:Found 1 installed packages in /home/lunabotics/lunabotics_workspace/install
[1.483s] DEBUG:colcon.colcon_installed_package_information.package_discovery:Found 281 installed packages in /opt/ros/humble
[1.489s] Level 1:colcon.colcon_core.package_discovery:discover_packages(prefix_path) using defaults
[1.665s] Level 5:colcon.colcon_core.verb:set package 'ctrl_to_motor' build argument 'cmake_args' from command line to 'None'
[1.666s] Level 5:colcon.colcon_core.verb:set package 'ctrl_to_motor' build argument 'cmake_target' from command line to 'None'
[1.666s] Level 5:colcon.colcon_core.verb:set package 'ctrl_to_motor' build argument 'cmake_target_skip_unavailable' from command line to 'False'
[1.666s] Level 5:colcon.colcon_core.verb:set package 'ctrl_to_motor' build argument 'cmake_clean_cache' from command line to 'False'
[1.666s] Level 5:colcon.colcon_core.verb:set package 'ctrl_to_motor' build argument 'cmake_clean_first' from command line to 'False'
[1.666s] Level 5:colcon.colcon_core.verb:set package 'ctrl_to_motor' build argument 'cmake_force_configure' from command line to 'False'
[1.666s] Level 5:colcon.colcon_core.verb:set package 'ctrl_to_motor' build argument 'ament_cmake_args' from command line to 'None'
[1.666s] Level 5:colcon.colcon_core.verb:set package 'ctrl_to_motor' build argument 'catkin_cmake_args' from command line to 'None'
[1.666s] Level 5:colcon.colcon_core.verb:set package 'ctrl_to_motor' build argument 'catkin_skip_building_tests' from command line to 'False'
[1.666s] DEBUG:colcon.colcon_core.verb:Building package 'ctrl_to_motor' with the following arguments: {'ament_cmake_args': None, 'build_base': '/home/lunabotics/lunabotics_workspace/build/ctrl_to_motor', 'catkin_cmake_args': None, 'catkin_skip_building_tests': False, 'cmake_args': None, 'cmake_clean_cache': False, 'cmake_clean_first': False, 'cmake_force_configure': False, 'cmake_target': None, 'cmake_target_skip_unavailable': False, 'install_base': '/home/lunabotics/lunabotics_workspace/install/ctrl_to_motor', 'merge_install': False, 'path': '/home/lunabotics/lunabotics_workspace/src/ctrl_to_motor', 'symlink_install': False, 'test_result_base': None}
[1.667s] INFO:colcon.colcon_core.executor:Executing jobs using 'parallel' executor
[1.670s] DEBUG:colcon.colcon_parallel_executor.executor.parallel:run_until_complete
[1.671s] INFO:colcon.colcon_ros.task.ament_python.build:Building ROS package in '/home/lunabotics/lunabotics_workspace/src/ctrl_to_motor' with build type 'ament_python'
[1.672s] Level 1:colcon.colcon_core.shell:create_environment_hook('ctrl_to_motor', 'ament_prefix_path')
[1.681s] INFO:colcon.colcon_core.plugin_system:Skipping extension 'colcon_core.shell.bat': Not used on non-Windows systems
[1.682s] INFO:colcon.colcon_core.shell:Creating environment hook '/home/lunabotics/lunabotics_workspace/install/ctrl_to_motor/share/ctrl_to_motor/hook/ament_prefix_path.ps1'
[1.685s] INFO:colcon.colcon_core.shell:Creating environment descriptor '/home/lunabotics/lunabotics_workspace/install/ctrl_to_motor/share/ctrl_to_motor/hook/ament_prefix_path.dsv'
[1.687s] INFO:colcon.colcon_core.shell:Creating environment hook '/home/lunabotics/lunabotics_workspace/install/ctrl_to_motor/share/ctrl_to_motor/hook/ament_prefix_path.sh'
[1.690s] INFO:colcon.colcon_core.shell:Skip shell extension 'powershell' for command environment: Not usable outside of PowerShell
[1.691s] DEBUG:colcon.colcon_core.shell:Skip shell extension 'dsv' for command environment
[2.955s] INFO:colcon.colcon_core.task.python.build:Building Python package in '/home/lunabotics/lunabotics_workspace/src/ctrl_to_motor'
[2.956s] INFO:colcon.colcon_core.shell:Skip shell extension 'powershell' for command environment: Not usable outside of PowerShell
[2.956s] DEBUG:colcon.colcon_core.shell:Skip shell extension 'dsv' for command environment
[4.521s] DEBUG:colcon.colcon_core.event_handler.log_command:Invoking command in '/home/lunabotics/lunabotics_workspace/src/ctrl_to_motor': PYTHONPATH=/home/lunabotics/lunabotics_workspace/build/ctrl_to_motor/prefix_override:/usr/lib/python3/dist-packages/colcon_core/task/python/colcon_distutils_commands:/home/lunabotics/lunabotics_workspace/install/ctrl_to_motor/lib/python3.10/site-packages:${PYTHONPATH} /usr/bin/python3 -W ignore:setup.py install is deprecated -W ignore:easy_install command is deprecated setup.py egg_info --egg-base ../../build/ctrl_to_motor build --build-base /home/lunabotics/lunabotics_workspace/build/ctrl_to_motor/build install --record /home/lunabotics/lunabotics_workspace/build/ctrl_to_motor/install.log --single-version-externally-managed install_data
[5.921s] DEBUG:colcon.colcon_core.event_handler.log_command:Invoked command in '/home/lunabotics/lunabotics_workspace/src/ctrl_to_motor' returned '0': PYTHONPATH=/home/lunabotics/lunabotics_workspace/build/ctrl_to_motor/prefix_override:/usr/lib/python3/dist-packages/colcon_core/task/python/colcon_distutils_commands:/home/lunabotics/lunabotics_workspace/install/ctrl_to_motor/lib/python3.10/site-packages:${PYTHONPATH} /usr/bin/python3 -W ignore:setup.py install is deprecated -W ignore:easy_install command is deprecated setup.py egg_info --egg-base ../../build/ctrl_to_motor build --build-base /home/lunabotics/lunabotics_workspace/build/ctrl_to_motor/build install --record /home/lunabotics/lunabotics_workspace/build/ctrl_to_motor/install.log --single-version-externally-managed install_data
[5.935s] Level 1:colcon.colcon_core.environment:checking '/home/lunabotics/lunabotics_workspace/install/ctrl_to_motor' for CMake module files
[5.938s] Level 1:colcon.colcon_core.environment:checking '/home/lunabotics/lunabotics_workspace/install/ctrl_to_motor' for CMake config files
[5.942s] Level 1:colcon.colcon_core.environment:checking '/home/lunabotics/lunabotics_workspace/install/ctrl_to_motor/lib'
[5.942s] Level 1:colcon.colcon_core.environment:checking '/home/lunabotics/lunabotics_workspace/install/ctrl_to_motor/bin'
[5.943s] Level 1:colcon.colcon_core.environment:checking '/home/lunabotics/lunabotics_workspace/install/ctrl_to_motor/lib/pkgconfig/ctrl_to_motor.pc'
[5.944s] Level 1:colcon.colcon_core.environment:checking '/home/lunabotics/lunabotics_workspace/install/ctrl_to_motor/lib/python3.10/site-packages'
[5.944s] Level 1:colcon.colcon_core.shell:create_environment_hook('ctrl_to_motor', 'pythonpath')
[5.945s] INFO:colcon.colcon_core.shell:Creating environment hook '/home/lunabotics/lunabotics_workspace/install/ctrl_to_motor/share/ctrl_to_motor/hook/pythonpath.ps1'
[5.947s] INFO:colcon.colcon_core.shell:Creating environment descriptor '/home/lunabotics/lunabotics_workspace/install/ctrl_to_motor/share/ctrl_to_motor/hook/pythonpath.dsv'
[5.949s] INFO:colcon.colcon_core.shell:Creating environment hook '/home/lunabotics/lunabotics_workspace/install/ctrl_to_motor/share/ctrl_to_motor/hook/pythonpath.sh'
[5.952s] Level 1:colcon.colcon_core.environment:checking '/home/lunabotics/lunabotics_workspace/install/ctrl_to_motor/bin'
[5.952s] Level 1:colcon.colcon_core.environment:create_environment_scripts_only(ctrl_to_motor)
[5.953s] INFO:colcon.colcon_core.shell:Creating package script '/home/lunabotics/lunabotics_workspace/install/ctrl_to_motor/share/ctrl_to_motor/package.ps1'
[5.957s] INFO:colcon.colcon_core.shell:Creating package descriptor '/home/lunabotics/lunabotics_workspace/install/ctrl_to_motor/share/ctrl_to_motor/package.dsv'
[5.960s] INFO:colcon.colcon_core.shell:Creating package script '/home/lunabotics/lunabotics_workspace/install/ctrl_to_motor/share/ctrl_to_motor/package.sh'
[5.963s] INFO:colcon.colcon_core.shell:Creating package script '/home/lunabotics/lunabotics_workspace/install/ctrl_to_motor/share/ctrl_to_motor/package.bash'
[5.966s] INFO:colcon.colcon_core.shell:Creating package script '/home/lunabotics/lunabotics_workspace/install/ctrl_to_motor/share/ctrl_to_motor/package.zsh'
[5.969s] Level 1:colcon.colcon_core.environment:create_file_with_runtime_dependencies(/home/lunabotics/lunabotics_workspace/install/ctrl_to_motor/share/colcon-core/packages/ctrl_to_motor)
[5.971s] DEBUG:colcon.colcon_parallel_executor.executor.parallel:closing loop
[5.972s] DEBUG:colcon.colcon_parallel_executor.executor.parallel:loop closed
[5.972s] DEBUG:colcon.colcon_parallel_executor.executor.parallel:run_until_complete finished with '0'
[5.973s] DEBUG:colcon.colcon_core.event_reactor:joining thread
[5.996s] INFO:colcon.colcon_core.plugin_system:Skipping extension 'colcon_notification.desktop_notification.terminal_notifier': Not used on non-Darwin systems
[5.996s] INFO:colcon.colcon_core.plugin_system:Skipping extension 'colcon_notification.desktop_notification.win32': Not used on non-Windows systems
[5.996s] INFO:colcon.colcon_notification.desktop_notification:Sending desktop notification using 'notify2'
[6.053s] DEBUG:colcon.colcon_core.event_reactor:joined thread
[6.054s] INFO:colcon.colcon_core.shell:Creating prefix script '/home/lunabotics/lunabotics_workspace/install/local_setup.ps1'
[6.059s] INFO:colcon.colcon_core.shell:Creating prefix util module '/home/lunabotics/lunabotics_workspace/install/_local_setup_util_ps1.py'
[6.068s] INFO:colcon.colcon_core.shell:Creating prefix chain script '/home/lunabotics/lunabotics_workspace/install/setup.ps1'
[6.073s] INFO:colcon.colcon_core.shell:Creating prefix script '/home/lunabotics/lunabotics_workspace/install/local_setup.sh'
[6.077s] INFO:colcon.colcon_core.shell:Creating prefix util module '/home/lunabotics/lunabotics_workspace/install/_local_setup_util_sh.py'
[6.081s] INFO:colcon.colcon_core.shell:Creating prefix chain script '/home/lunabotics/lunabotics_workspace/install/setup.sh'
[6.088s] INFO:colcon.colcon_core.shell:Creating prefix script '/home/lunabotics/lunabotics_workspace/install/local_setup.bash'
[6.090s] INFO:colcon.colcon_core.shell:Creating prefix chain script '/home/lunabotics/lunabotics_workspace/install/setup.bash'
[6.095s] INFO:colcon.colcon_core.shell:Creating prefix script '/home/lunabotics/lunabotics_workspace/install/local_setup.zsh'
[6.098s] INFO:colcon.colcon_core.shell:Creating prefix chain script '/home/lunabotics/lunabotics_workspace/install/setup.zsh'
