[1.174s] DEBUG:colcon:Command line arguments: ['/usr/bin/colcon', 'build']
[1.175s] DEBUG:colcon:Parsed command line arguments: Namespace(log_base=None, log_level=None, verb_name='build', build_base='build', install_base='install', merge_install=False, symlink_install=False, test_result_base=None, continue_on_error=False, executor='parallel', parallel_workers=4, event_handlers=None, ignore_user_meta=False, metas=['./colcon.meta'], base_paths=['.'], packages_ignore=None, packages_ignore_regex=None, paths=None, packages_up_to=None, packages_up_to_regex=None, packages_above=None, packages_above_and_dependencies=None, packages_above_depth=None, packages_select_by_dep=None, packages_skip_by_dep=None, packages_skip_up_to=None, packages_select_build_failed=False, packages_skip_build_finished=False, packages_select_test_failures=False, packages_skip_test_passed=False, packages_select=None, packages_skip=None, packages_select_regex=None, packages_skip_regex=None, packages_start=None, packages_end=None, allow_overriding=[], cmake_args=None, cmake_target=None, cmake_target_skip_unavailable=False, cmake_clean_cache=False, cmake_clean_first=False, cmake_force_configure=False, ament_cmake_args=None, catkin_cmake_args=None, catkin_skip_building_tests=False, mixin_files=None, mixin=None, verb_parser=<colcon_mixin.mixin.mixin_argument.MixinArgumentDecorator object at 0xffffa193d810>, verb_extension=<colcon_core.verb.build.BuildVerb object at 0xffffa1ae27a0>, main=<bound method BuildVerb.main of <colcon_core.verb.build.BuildVerb object at 0xffffa1ae27a0>>, mixin_verb=('build',))
[2.406s] Level 1:colcon.colcon_core.package_discovery:discover_packages(colcon_meta) check parameters
[2.406s] Level 1:colcon.colcon_core.package_discovery:discover_packages(recursive) check parameters
[2.406s] Level 1:colcon.colcon_core.package_discovery:discover_packages(ignore) check parameters
[2.407s] Level 1:colcon.colcon_core.package_discovery:discover_packages(path) check parameters
[2.407s] Level 1:colcon.colcon_core.package_discovery:discover_packages(colcon_meta) discover
[2.407s] Level 1:colcon.colcon_core.package_discovery:discover_packages(recursive) discover
[2.407s] INFO:colcon.colcon_core.package_discovery:Crawling recursively for packages in '/home/lunabotics/lunabotics_workspace'
[2.408s] Level 1:colcon.colcon_core.package_identification:_identify(.) by extensions ['ignore', 'ignore_ament_install']
[2.408s] Level 1:colcon.colcon_core.package_identification:_identify(.) by extension 'ignore'
[2.408s] Level 1:colcon.colcon_core.package_identification:_identify(.) by extension 'ignore_ament_install'
[2.409s] Level 1:colcon.colcon_core.package_identification:_identify(.) by extensions ['colcon_pkg']
[2.409s] Level 1:colcon.colcon_core.package_identification:_identify(.) by extension 'colcon_pkg'
[2.409s] Level 1:colcon.colcon_core.package_identification:_identify(.) by extensions ['colcon_meta']
[2.409s] Level 1:colcon.colcon_core.package_identification:_identify(.) by extension 'colcon_meta'
[2.409s] Level 1:colcon.colcon_core.package_identification:_identify(.) by extensions ['ros']
[2.409s] Level 1:colcon.colcon_core.package_identification:_identify(.) by extension 'ros'
[2.484s] Level 1:colcon.colcon_core.package_identification:_identify(.) by extensions ['cmake', 'python']
[2.484s] Level 1:colcon.colcon_core.package_identification:_identify(.) by extension 'cmake'
[2.484s] Level 1:colcon.colcon_core.package_identification:_identify(.) by extension 'python'
[2.485s] Level 1:colcon.colcon_core.package_identification:_identify(.) by extensions ['python_setup_py']
[2.485s] Level 1:colcon.colcon_core.package_identification:_identify(.) by extension 'python_setup_py'
[2.485s] Level 1:colcon.colcon_core.package_identification:_identify(build) by extensions ['ignore', 'ignore_ament_install']
[2.486s] Level 1:colcon.colcon_core.package_identification:_identify(build) by extension 'ignore'
[2.486s] Level 1:colcon.colcon_core.package_identification:_identify(build) ignored
[2.486s] Level 1:colcon.colcon_core.package_identification:_identify(install) by extensions ['ignore', 'ignore_ament_install']
[2.487s] Level 1:colcon.colcon_core.package_identification:_identify(install) by extension 'ignore'
[2.487s] Level 1:colcon.colcon_core.package_identification:_identify(install) ignored
[2.488s] Level 1:colcon.colcon_core.package_identification:_identify(log) by extensions ['ignore', 'ignore_ament_install']
[2.488s] Level 1:colcon.colcon_core.package_identification:_identify(log) by extension 'ignore'
[2.488s] Level 1:colcon.colcon_core.package_identification:_identify(log) ignored
[2.488s] Level 1:colcon.colcon_core.package_identification:_identify(src) by extensions ['ignore', 'ignore_ament_install']
[2.489s] Level 1:colcon.colcon_core.package_identification:_identify(src) by extension 'ignore'
[2.489s] Level 1:colcon.colcon_core.package_identification:_identify(src) by extension 'ignore_ament_install'
[2.489s] Level 1:colcon.colcon_core.package_identification:_identify(src) by extensions ['colcon_pkg']
[2.489s] Level 1:colcon.colcon_core.package_identification:_identify(src) by extension 'colcon_pkg'
[2.489s] Level 1:colcon.colcon_core.package_identification:_identify(src) by extensions ['colcon_meta']
[2.489s] Level 1:colcon.colcon_core.package_identification:_identify(src) by extension 'colcon_meta'
[2.490s] Level 1:colcon.colcon_core.package_identification:_identify(src) by extensions ['ros']
[2.490s] Level 1:colcon.colcon_core.package_identification:_identify(src) by extension 'ros'
[2.490s] Level 1:colcon.colcon_core.package_identification:_identify(src) by extensions ['cmake', 'python']
[2.490s] Level 1:colcon.colcon_core.package_identification:_identify(src) by extension 'cmake'
[2.490s] Level 1:colcon.colcon_core.package_identification:_identify(src) by extension 'python'
[2.491s] Level 1:colcon.colcon_core.package_identification:_identify(src) by extensions ['python_setup_py']
[2.491s] Level 1:colcon.colcon_core.package_identification:_identify(src) by extension 'python_setup_py'
[2.491s] Level 1:colcon.colcon_core.package_identification:_identify(src/ctrl_to_motor) by extensions ['ignore', 'ignore_ament_install']
[2.491s] Level 1:colcon.colcon_core.package_identification:_identify(src/ctrl_to_motor) by extension 'ignore'
[2.492s] Level 1:colcon.colcon_core.package_identification:_identify(src/ctrl_to_motor) by extension 'ignore_ament_install'
[2.492s] Level 1:colcon.colcon_core.package_identification:_identify(src/ctrl_to_motor) by extensions ['colcon_pkg']
[2.492s] Level 1:colcon.colcon_core.package_identification:_identify(src/ctrl_to_motor) by extension 'colcon_pkg'
[2.492s] Level 1:colcon.colcon_core.package_identification:_identify(src/ctrl_to_motor) by extensions ['colcon_meta']
[2.492s] Level 1:colcon.colcon_core.package_identification:_identify(src/ctrl_to_motor) by extension 'colcon_meta'
[2.493s] Level 1:colcon.colcon_core.package_identification:_identify(src/ctrl_to_motor) by extensions ['ros']
[2.493s] Level 1:colcon.colcon_core.package_identification:_identify(src/ctrl_to_motor) by extension 'ros'
[2.505s] DEBUG:colcon.colcon_core.package_identification:Package 'src/ctrl_to_motor' with type 'ros.ament_python' and name 'ctrl_to_motor'
[2.506s] Level 1:colcon.colcon_core.package_discovery:discover_packages(recursive) using defaults
[2.506s] Level 1:colcon.colcon_core.package_discovery:discover_packages(ignore) discover
[2.506s] Level 1:colcon.colcon_core.package_discovery:discover_packages(ignore) using defaults
[2.506s] Level 1:colcon.colcon_core.package_discovery:discover_packages(path) discover
[2.506s] Level 1:colcon.colcon_core.package_discovery:discover_packages(path) using defaults
[2.686s] Level 1:colcon.colcon_core.package_discovery:discover_packages(prefix_path) check parameters
[2.686s] Level 1:colcon.colcon_core.package_discovery:discover_packages(prefix_path) discover
[2.700s] DEBUG:colcon.colcon_installed_package_information.package_discovery:Found 2 installed packages in /home/lunabotics/lunabotics_workspace/install
[2.709s] DEBUG:colcon.colcon_installed_package_information.package_discovery:Found 281 installed packages in /opt/ros/humble
[2.716s] Level 1:colcon.colcon_core.package_discovery:discover_packages(prefix_path) using defaults
[2.985s] Level 5:colcon.colcon_core.verb:set package 'ctrl_to_motor' build argument 'cmake_args' from command line to 'None'
[2.985s] Level 5:colcon.colcon_core.verb:set package 'ctrl_to_motor' build argument 'cmake_target' from command line to 'None'
[2.985s] Level 5:colcon.colcon_core.verb:set package 'ctrl_to_motor' build argument 'cmake_target_skip_unavailable' from command line to 'False'
[2.986s] Level 5:colcon.colcon_core.verb:set package 'ctrl_to_motor' build argument 'cmake_clean_cache' from command line to 'False'
[2.986s] Level 5:colcon.colcon_core.verb:set package 'ctrl_to_motor' build argument 'cmake_clean_first' from command line to 'False'
[2.986s] Level 5:colcon.colcon_core.verb:set package 'ctrl_to_motor' build argument 'cmake_force_configure' from command line to 'False'
[2.987s] Level 5:colcon.colcon_core.verb:set package 'ctrl_to_motor' build argument 'ament_cmake_args' from command line to 'None'
[2.987s] Level 5:colcon.colcon_core.verb:set package 'ctrl_to_motor' build argument 'catkin_cmake_args' from command line to 'None'
[2.987s] Level 5:colcon.colcon_core.verb:set package 'ctrl_to_motor' build argument 'catkin_skip_building_tests' from command line to 'False'
[2.988s] DEBUG:colcon.colcon_core.verb:Building package 'ctrl_to_motor' with the following arguments: {'ament_cmake_args': None, 'build_base': '/home/lunabotics/lunabotics_workspace/build/ctrl_to_motor', 'catkin_cmake_args': None, 'catkin_skip_building_tests': False, 'cmake_args': None, 'cmake_clean_cache': False, 'cmake_clean_first': False, 'cmake_force_configure': False, 'cmake_target': None, 'cmake_target_skip_unavailable': False, 'install_base': '/home/lunabotics/lunabotics_workspace/install/ctrl_to_motor', 'merge_install': False, 'path': '/home/lunabotics/lunabotics_workspace/src/ctrl_to_motor', 'symlink_install': False, 'test_result_base': None}
[2.989s] INFO:colcon.colcon_core.executor:Executing jobs using 'parallel' executor
[2.996s] DEBUG:colcon.colcon_parallel_executor.executor.parallel:run_until_complete
[2.998s] INFO:colcon.colcon_ros.task.ament_python.build:Building ROS package in '/home/lunabotics/lunabotics_workspace/src/ctrl_to_motor' with build type 'ament_python'
[3.000s] Level 1:colcon.colcon_core.shell:create_environment_hook('ctrl_to_motor', 'ament_prefix_path')
[3.035s] INFO:colcon.colcon_core.plugin_system:Skipping extension 'colcon_core.shell.bat': Not used on non-Windows systems
[3.038s] INFO:colcon.colcon_core.shell:Creating environment hook '/home/lunabotics/lunabotics_workspace/install/ctrl_to_motor/share/ctrl_to_motor/hook/ament_prefix_path.ps1'
[3.046s] INFO:colcon.colcon_core.shell:Creating environment descriptor '/home/lunabotics/lunabotics_workspace/install/ctrl_to_motor/share/ctrl_to_motor/hook/ament_prefix_path.dsv'
[3.052s] INFO:colcon.colcon_core.shell:Creating environment hook '/home/lunabotics/lunabotics_workspace/install/ctrl_to_motor/share/ctrl_to_motor/hook/ament_prefix_path.sh'
[3.061s] INFO:colcon.colcon_core.shell:Skip shell extension 'powershell' for command environment: Not usable outside of PowerShell
[3.062s] DEBUG:colcon.colcon_core.shell:Skip shell extension 'dsv' for command environment
[5.742s] INFO:colcon.colcon_core.task.python.build:Building Python package in '/home/lunabotics/lunabotics_workspace/src/ctrl_to_motor'
[5.745s] INFO:colcon.colcon_core.shell:Skip shell extension 'powershell' for command environment: Not usable outside of PowerShell
[5.745s] DEBUG:colcon.colcon_core.shell:Skip shell extension 'dsv' for command environment
[8.757s] DEBUG:colcon.colcon_core.event_handler.log_command:Invoking command in '/home/lunabotics/lunabotics_workspace/src/ctrl_to_motor': PYTHONPATH=/home/lunabotics/lunabotics_workspace/build/ctrl_to_motor/prefix_override:/usr/lib/python3/dist-packages/colcon_core/task/python/colcon_distutils_commands:/home/lunabotics/lunabotics_workspace/install/ctrl_to_motor/lib/python3.10/site-packages:${PYTHONPATH} /usr/bin/python3 -W ignore:setup.py install is deprecated -W ignore:easy_install command is deprecated setup.py egg_info --egg-base ../../build/ctrl_to_motor build --build-base /home/lunabotics/lunabotics_workspace/build/ctrl_to_motor/build install --record /home/lunabotics/lunabotics_workspace/build/ctrl_to_motor/install.log --single-version-externally-managed install_data
[10.082s] DEBUG:colcon.colcon_core.event_handler.log_command:Invoked command in '/home/lunabotics/lunabotics_workspace/src/ctrl_to_motor' returned '0': PYTHONPATH=/home/lunabotics/lunabotics_workspace/build/ctrl_to_motor/prefix_override:/usr/lib/python3/dist-packages/colcon_core/task/python/colcon_distutils_commands:/home/lunabotics/lunabotics_workspace/install/ctrl_to_motor/lib/python3.10/site-packages:${PYTHONPATH} /usr/bin/python3 -W ignore:setup.py install is deprecated -W ignore:easy_install command is deprecated setup.py egg_info --egg-base ../../build/ctrl_to_motor build --build-base /home/lunabotics/lunabotics_workspace/build/ctrl_to_motor/build install --record /home/lunabotics/lunabotics_workspace/build/ctrl_to_motor/install.log --single-version-externally-managed install_data
[10.105s] Level 1:colcon.colcon_core.environment:checking '/home/lunabotics/lunabotics_workspace/install/ctrl_to_motor' for CMake module files
[10.108s] Level 1:colcon.colcon_core.environment:checking '/home/lunabotics/lunabotics_workspace/install/ctrl_to_motor' for CMake config files
[10.115s] Level 1:colcon.colcon_core.environment:checking '/home/lunabotics/lunabotics_workspace/install/ctrl_to_motor/lib'
[10.115s] Level 1:colcon.colcon_core.environment:checking '/home/lunabotics/lunabotics_workspace/install/ctrl_to_motor/bin'
[10.116s] Level 1:colcon.colcon_core.environment:checking '/home/lunabotics/lunabotics_workspace/install/ctrl_to_motor/lib/pkgconfig/ctrl_to_motor.pc'
[10.117s] Level 1:colcon.colcon_core.environment:checking '/home/lunabotics/lunabotics_workspace/install/ctrl_to_motor/lib/python3.10/site-packages'
[10.117s] Level 1:colcon.colcon_core.shell:create_environment_hook('ctrl_to_motor', 'pythonpath')
[10.118s] INFO:colcon.colcon_core.shell:Creating environment hook '/home/lunabotics/lunabotics_workspace/install/ctrl_to_motor/share/ctrl_to_motor/hook/pythonpath.ps1'
[10.120s] INFO:colcon.colcon_core.shell:Creating environment descriptor '/home/lunabotics/lunabotics_workspace/install/ctrl_to_motor/share/ctrl_to_motor/hook/pythonpath.dsv'
[10.122s] INFO:colcon.colcon_core.shell:Creating environment hook '/home/lunabotics/lunabotics_workspace/install/ctrl_to_motor/share/ctrl_to_motor/hook/pythonpath.sh'
[10.125s] Level 1:colcon.colcon_core.environment:checking '/home/lunabotics/lunabotics_workspace/install/ctrl_to_motor/bin'
[10.126s] Level 1:colcon.colcon_core.environment:create_environment_scripts_only(ctrl_to_motor)
[10.127s] INFO:colcon.colcon_core.shell:Creating package script '/home/lunabotics/lunabotics_workspace/install/ctrl_to_motor/share/ctrl_to_motor/package.ps1'
[10.131s] INFO:colcon.colcon_core.shell:Creating package descriptor '/home/lunabotics/lunabotics_workspace/install/ctrl_to_motor/share/ctrl_to_motor/package.dsv'
[10.135s] INFO:colcon.colcon_core.shell:Creating package script '/home/lunabotics/lunabotics_workspace/install/ctrl_to_motor/share/ctrl_to_motor/package.sh'
[10.138s] INFO:colcon.colcon_core.shell:Creating package script '/home/lunabotics/lunabotics_workspace/install/ctrl_to_motor/share/ctrl_to_motor/package.bash'
[10.143s] INFO:colcon.colcon_core.shell:Creating package script '/home/lunabotics/lunabotics_workspace/install/ctrl_to_motor/share/ctrl_to_motor/package.zsh'
[10.147s] Level 1:colcon.colcon_core.environment:create_file_with_runtime_dependencies(/home/lunabotics/lunabotics_workspace/install/ctrl_to_motor/share/colcon-core/packages/ctrl_to_motor)
[10.148s] DEBUG:colcon.colcon_parallel_executor.executor.parallel:closing loop
[10.150s] DEBUG:colcon.colcon_parallel_executor.executor.parallel:loop closed
[10.150s] DEBUG:colcon.colcon_parallel_executor.executor.parallel:run_until_complete finished with '0'
[10.150s] DEBUG:colcon.colcon_core.event_reactor:joining thread
[10.175s] INFO:colcon.colcon_core.plugin_system:Skipping extension 'colcon_notification.desktop_notification.terminal_notifier': Not used on non-Darwin systems
[10.176s] INFO:colcon.colcon_core.plugin_system:Skipping extension 'colcon_notification.desktop_notification.win32': Not used on non-Windows systems
[10.176s] INFO:colcon.colcon_notification.desktop_notification:Sending desktop notification using 'notify2'
[10.181s] DEBUG:colcon.colcon_notification.desktop_notification.notify2:Failed to initialize notify2: org.freedesktop.DBus.Error.ServiceUnknown: The name org.freedesktop.Notifications was not provided by any .service files
[10.181s] DEBUG:colcon.colcon_core.event_reactor:joined thread
[10.182s] INFO:colcon.colcon_core.shell:Creating prefix script '/home/lunabotics/lunabotics_workspace/install/local_setup.ps1'
[10.187s] INFO:colcon.colcon_core.shell:Creating prefix util module '/home/lunabotics/lunabotics_workspace/install/_local_setup_util_ps1.py'
[10.196s] INFO:colcon.colcon_core.shell:Creating prefix chain script '/home/lunabotics/lunabotics_workspace/install/setup.ps1'
[10.205s] INFO:colcon.colcon_core.shell:Creating prefix script '/home/lunabotics/lunabotics_workspace/install/local_setup.sh'
[10.208s] INFO:colcon.colcon_core.shell:Creating prefix util module '/home/lunabotics/lunabotics_workspace/install/_local_setup_util_sh.py'
[10.211s] INFO:colcon.colcon_core.shell:Creating prefix chain script '/home/lunabotics/lunabotics_workspace/install/setup.sh'
[10.216s] INFO:colcon.colcon_core.shell:Creating prefix script '/home/lunabotics/lunabotics_workspace/install/local_setup.bash'
[10.219s] INFO:colcon.colcon_core.shell:Creating prefix chain script '/home/lunabotics/lunabotics_workspace/install/setup.bash'
[10.225s] INFO:colcon.colcon_core.shell:Creating prefix script '/home/lunabotics/lunabotics_workspace/install/local_setup.zsh'
[10.228s] INFO:colcon.colcon_core.shell:Creating prefix chain script '/home/lunabotics/lunabotics_workspace/install/setup.zsh'
