[4.806s] Invoking command in '/home/lunabotics/lunabotics_workspace/src/ctrl_to_motor': PYTHONPATH=/home/lunabotics/lunabotics_workspace/build/ctrl_to_motor/prefix_override:/usr/lib/python3/dist-packages/colcon_core/task/python/colcon_distutils_commands:/home/lunabotics/lunabotics_workspace/install/ctrl_to_motor/lib/python3.10/site-packages:${PYTHONPATH} /usr/bin/python3 -W ignore:setup.py install is deprecated -W ignore:easy_install command is deprecated setup.py egg_info --egg-base ../../build/ctrl_to_motor build --build-base /home/lunabotics/lunabotics_workspace/build/ctrl_to_motor/build install --record /home/lunabotics/lunabotics_workspace/build/ctrl_to_motor/install.log --single-version-externally-managed install_data
[6.161s] running egg_info
[6.164s] writing ../../build/ctrl_to_motor/ctrl_to_motor.egg-info/PKG-INFO
[6.165s] writing dependency_links to ../../build/ctrl_to_motor/ctrl_to_motor.egg-info/dependency_links.txt
[6.166s] writing entry points to ../../build/ctrl_to_motor/ctrl_to_motor.egg-info/entry_points.txt
[6.167s] writing requirements to ../../build/ctrl_to_motor/ctrl_to_motor.egg-info/requires.txt
[6.168s] writing top-level names to ../../build/ctrl_to_motor/ctrl_to_motor.egg-info/top_level.txt
[6.179s] reading manifest file '../../build/ctrl_to_motor/ctrl_to_motor.egg-info/SOURCES.txt'
[6.188s] writing manifest file '../../build/ctrl_to_motor/ctrl_to_motor.egg-info/SOURCES.txt'
[6.189s] running build
[6.191s] running build_py
[6.199s] running install
[6.199s] running install_lib
[6.207s] running install_data
[6.209s] running install_egg_info
[6.216s] removing '/home/lunabotics/lunabotics_workspace/install/ctrl_to_motor/lib/python3.10/site-packages/ctrl_to_motor-0.0.0-py3.10.egg-info' (and everything under it)
[6.218s] Copying ../../build/ctrl_to_motor/ctrl_to_motor.egg-info to /home/lunabotics/lunabotics_workspace/install/ctrl_to_motor/lib/python3.10/site-packages/ctrl_to_motor-0.0.0-py3.10.egg-info
[6.225s] running install_scripts
[6.322s] Installing ctrl_to_motor script to /home/lunabotics/lunabotics_workspace/install/ctrl_to_motor/lib/ctrl_to_motor
[6.324s] writing list of installed files to '/home/lunabotics/lunabotics_workspace/build/ctrl_to_motor/install.log'
[6.540s] Invoked command in '/home/lunabotics/lunabotics_workspace/src/ctrl_to_motor' returned '0': PYTHONPATH=/home/lunabotics/lunabotics_workspace/build/ctrl_to_motor/prefix_override:/usr/lib/python3/dist-packages/colcon_core/task/python/colcon_distutils_commands:/home/lunabotics/lunabotics_workspace/install/ctrl_to_motor/lib/python3.10/site-packages:${PYTHONPATH} /usr/bin/python3 -W ignore:setup.py install is deprecated -W ignore:easy_install command is deprecated setup.py egg_info --egg-base ../../build/ctrl_to_motor build --build-base /home/lunabotics/lunabotics_workspace/build/ctrl_to_motor/build install --record /home/lunabotics/lunabotics_workspace/build/ctrl_to_motor/install.log --single-version-externally-managed install_data
