[3.183s] Invoking command in '/home/lunabotics/lunabotics-csu25/lunabotics_workspace/src/manual_drive': PYTHONPATH=/home/lunabotics/lunabotics-csu25/lunabotics_workspace/src/manual_drive/build/manual_drive/prefix_override:/usr/lib/python3/dist-packages/colcon_core/task/python/colcon_distutils_commands:/home/lunabotics/lunabotics-csu25/lunabotics_workspace/src/manual_drive/install/manual_drive/lib/python3.10/site-packages:${PYTHONPATH} /usr/bin/python3 -W ignore:setup.py install is deprecated -W ignore:easy_install command is deprecated setup.py egg_info --egg-base build/manual_drive build --build-base /home/lunabotics/lunabotics-csu25/lunabotics_workspace/src/manual_drive/build/manual_drive/build install --record /home/lunabotics/lunabotics-csu25/lunabotics_workspace/src/manual_drive/build/manual_drive/install.log --single-version-externally-managed install_data
[4.485s] running egg_info
[4.488s] writing build/manual_drive/manual_drive.egg-info/PKG-INFO
[4.489s] writing dependency_links to build/manual_drive/manual_drive.egg-info/dependency_links.txt
[4.490s] writing entry points to build/manual_drive/manual_drive.egg-info/entry_points.txt
[4.491s] writing requirements to build/manual_drive/manual_drive.egg-info/requires.txt
[4.491s] writing top-level names to build/manual_drive/manual_drive.egg-info/top_level.txt
[4.500s] reading manifest file 'build/manual_drive/manual_drive.egg-info/SOURCES.txt'
[4.504s] writing manifest file 'build/manual_drive/manual_drive.egg-info/SOURCES.txt'
[4.505s] running build
[4.506s] running build_py
[4.507s] running install
[4.508s] running install_lib
[4.515s] running install_data
[4.515s] running install_egg_info
[4.523s] removing '/home/lunabotics/lunabotics-csu25/lunabotics_workspace/src/manual_drive/install/manual_drive/lib/python3.10/site-packages/manual_drive-0.0.0-py3.10.egg-info' (and everything under it)
[4.526s] Copying build/manual_drive/manual_drive.egg-info to /home/lunabotics/lunabotics-csu25/lunabotics_workspace/src/manual_drive/install/manual_drive/lib/python3.10/site-packages/manual_drive-0.0.0-py3.10.egg-info
[4.533s] running install_scripts
[4.623s] Installing manual_drive script to /home/lunabotics/lunabotics-csu25/lunabotics_workspace/src/manual_drive/install/manual_drive/lib/manual_drive
[4.629s] writing list of installed files to '/home/lunabotics/lunabotics-csu25/lunabotics_workspace/src/manual_drive/build/manual_drive/install.log'
[4.773s] Invoked command in '/home/lunabotics/lunabotics-csu25/lunabotics_workspace/src/manual_drive' returned '0': PYTHONPATH=/home/lunabotics/lunabotics-csu25/lunabotics_workspace/src/manual_drive/build/manual_drive/prefix_override:/usr/lib/python3/dist-packages/colcon_core/task/python/colcon_distutils_commands:/home/lunabotics/lunabotics-csu25/lunabotics_workspace/src/manual_drive/install/manual_drive/lib/python3.10/site-packages:${PYTHONPATH} /usr/bin/python3 -W ignore:setup.py install is deprecated -W ignore:easy_install command is deprecated setup.py egg_info --egg-base build/manual_drive build --build-base /home/lunabotics/lunabotics-csu25/lunabotics_workspace/src/manual_drive/build/manual_drive/build install --record /home/lunabotics/lunabotics-csu25/lunabotics_workspace/src/manual_drive/build/manual_drive/install.log --single-version-externally-managed install_data
