[4.776s] Invoking command in '/home/lunabotics/lunabotics_workspace/src/ctrl_to_motor': PYTHONPATH=/home/lunabotics/lunabotics_workspace/build/ctrl_to_motor/prefix_override:/usr/lib/python3/dist-packages/colcon_core/task/python/colcon_distutils_commands:/home/lunabotics/lunabotics_workspace/install/ctrl_to_motor/lib/python3.10/site-packages:${PYTHONPATH} /usr/bin/python3 -W ignore:setup.py install is deprecated -W ignore:easy_install command is deprecated setup.py egg_info --egg-base ../../build/ctrl_to_motor build --build-base /home/lunabotics/lunabotics_workspace/build/ctrl_to_motor/build install --record /home/lunabotics/lunabotics_workspace/build/ctrl_to_motor/install.log --single-version-externally-managed install_data
[6.154s] running egg_info
[6.157s] writing ../../build/ctrl_to_motor/ctrl_to_motor.egg-info/PKG-INFO
[6.159s] writing dependency_links to ../../build/ctrl_to_motor/ctrl_to_motor.egg-info/dependency_links.txt
[6.160s] writing entry points to ../../build/ctrl_to_motor/ctrl_to_motor.egg-info/entry_points.txt
[6.161s] writing requirements to ../../build/ctrl_to_motor/ctrl_to_motor.egg-info/requires.txt
[6.163s] writing top-level names to ../../build/ctrl_to_motor/ctrl_to_motor.egg-info/top_level.txt
[6.173s] reading manifest file '../../build/ctrl_to_motor/ctrl_to_motor.egg-info/SOURCES.txt'
[6.176s] writing manifest file '../../build/ctrl_to_motor/ctrl_to_motor.egg-info/SOURCES.txt'
[6.177s] running build
[6.178s] running build_py
[6.186s] running install
[6.188s] running install_lib
[6.202s] running install_data
[6.203s] running install_egg_info
[6.210s] removing '/home/lunabotics/lunabotics_workspace/install/ctrl_to_motor/lib/python3.10/site-packages/ctrl_to_motor-0.0.0-py3.10.egg-info' (and everything under it)
[6.212s] Copying ../../build/ctrl_to_motor/ctrl_to_motor.egg-info to /home/lunabotics/lunabotics_workspace/install/ctrl_to_motor/lib/python3.10/site-packages/ctrl_to_motor-0.0.0-py3.10.egg-info
[6.219s] running install_scripts
[6.317s] Installing ctrl_to_motor script to /home/lunabotics/lunabotics_workspace/install/ctrl_to_motor/lib/ctrl_to_motor
[6.319s] writing list of installed files to '/home/lunabotics/lunabotics_workspace/build/ctrl_to_motor/install.log'
[6.535s] Invoked command in '/home/lunabotics/lunabotics_workspace/src/ctrl_to_motor' returned '0': PYTHONPATH=/home/lunabotics/lunabotics_workspace/build/ctrl_to_motor/prefix_override:/usr/lib/python3/dist-packages/colcon_core/task/python/colcon_distutils_commands:/home/lunabotics/lunabotics_workspace/install/ctrl_to_motor/lib/python3.10/site-packages:${PYTHONPATH} /usr/bin/python3 -W ignore:setup.py install is deprecated -W ignore:easy_install command is deprecated setup.py egg_info --egg-base ../../build/ctrl_to_motor build --build-base /home/lunabotics/lunabotics_workspace/build/ctrl_to_motor/build install --record /home/lunabotics/lunabotics_workspace/build/ctrl_to_motor/install.log --single-version-externally-managed install_data
