[3.542s] Invoking command in '/home/lunabotics/lunabotics-csu25/lunabotics_workspace/src/manual_drive': PYTHONPATH=/home/lunabotics/lunabotics-csu25/lunabotics_workspace/src/manual_drive/build/manual_drive/prefix_override:/usr/lib/python3/dist-packages/colcon_core/task/python/colcon_distutils_commands:/home/lunabotics/lunabotics-csu25/lunabotics_workspace/src/manual_drive/install/manual_drive/lib/python3.10/site-packages:${PYTHONPATH} /usr/bin/python3 -W ignore:setup.py install is deprecated -W ignore:easy_install command is deprecated setup.py egg_info --egg-base build/manual_drive build --build-base /home/lunabotics/lunabotics-csu25/lunabotics_workspace/src/manual_drive/build/manual_drive/build install --record /home/lunabotics/lunabotics-csu25/lunabotics_workspace/src/manual_drive/build/manual_drive/install.log --single-version-externally-managed install_data
[4.816s] running egg_info
[4.818s] creating build/manual_drive/manual_drive.egg-info
[4.820s] writing build/manual_drive/manual_drive.egg-info/PKG-INFO
[4.821s] writing dependency_links to build/manual_drive/manual_drive.egg-info/dependency_links.txt
[4.822s] writing entry points to build/manual_drive/manual_drive.egg-info/entry_points.txt
[4.822s] writing requirements to build/manual_drive/manual_drive.egg-info/requires.txt
[4.823s] writing top-level names to build/manual_drive/manual_drive.egg-info/top_level.txt
[4.824s] writing manifest file 'build/manual_drive/manual_drive.egg-info/SOURCES.txt'
[4.831s] reading manifest file 'build/manual_drive/manual_drive.egg-info/SOURCES.txt'
[4.835s] writing manifest file 'build/manual_drive/manual_drive.egg-info/SOURCES.txt'
[4.836s] running build
[4.836s] running build_py
[4.837s] creating /home/lunabotics/lunabotics-csu25/lunabotics_workspace/src/manual_drive/build/manual_drive/build
[4.837s] creating /home/lunabotics/lunabotics-csu25/lunabotics_workspace/src/manual_drive/build/manual_drive/build/lib
[4.838s] creating /home/lunabotics/lunabotics-csu25/lunabotics_workspace/src/manual_drive/build/manual_drive/build/lib/manual_drive
[4.838s] copying manual_drive/__init__.py -> /home/lunabotics/lunabotics-csu25/lunabotics_workspace/src/manual_drive/build/manual_drive/build/lib/manual_drive
[4.838s] copying manual_drive/manual_drive.py -> /home/lunabotics/lunabotics-csu25/lunabotics_workspace/src/manual_drive/build/manual_drive/build/lib/manual_drive
[4.840s] running install
[4.841s] running install_lib
[4.844s] creating /home/lunabotics/lunabotics-csu25/lunabotics_workspace/src/manual_drive/install/manual_drive/lib/python3.10/site-packages/manual_drive
[4.845s] copying /home/lunabotics/lunabotics-csu25/lunabotics_workspace/src/manual_drive/build/manual_drive/build/lib/manual_drive/__init__.py -> /home/lunabotics/lunabotics-csu25/lunabotics_workspace/src/manual_drive/install/manual_drive/lib/python3.10/site-packages/manual_drive
[4.846s] copying /home/lunabotics/lunabotics-csu25/lunabotics_workspace/src/manual_drive/build/manual_drive/build/lib/manual_drive/manual_drive.py -> /home/lunabotics/lunabotics-csu25/lunabotics_workspace/src/manual_drive/install/manual_drive/lib/python3.10/site-packages/manual_drive
[4.849s] byte-compiling /home/lunabotics/lunabotics-csu25/lunabotics_workspace/src/manual_drive/install/manual_drive/lib/python3.10/site-packages/manual_drive/__init__.py to __init__.cpython-310.pyc
[4.851s] byte-compiling /home/lunabotics/lunabotics-csu25/lunabotics_workspace/src/manual_drive/install/manual_drive/lib/python3.10/site-packages/manual_drive/manual_drive.py to manual_drive.cpython-310.pyc
[4.854s] running install_data
[4.854s] creating /home/lunabotics/lunabotics-csu25/lunabotics_workspace/src/manual_drive/install/manual_drive/share/ament_index
[4.855s] creating /home/lunabotics/lunabotics-csu25/lunabotics_workspace/src/manual_drive/install/manual_drive/share/ament_index/resource_index
[4.855s] creating /home/lunabotics/lunabotics-csu25/lunabotics_workspace/src/manual_drive/install/manual_drive/share/ament_index/resource_index/packages
[4.856s] copying resource/manual_drive -> /home/lunabotics/lunabotics-csu25/lunabotics_workspace/src/manual_drive/install/manual_drive/share/ament_index/resource_index/packages
[4.856s] copying package.xml -> /home/lunabotics/lunabotics-csu25/lunabotics_workspace/src/manual_drive/install/manual_drive/share/manual_drive
[4.856s] running install_egg_info
[4.864s] Copying build/manual_drive/manual_drive.egg-info to /home/lunabotics/lunabotics-csu25/lunabotics_workspace/src/manual_drive/install/manual_drive/lib/python3.10/site-packages/manual_drive-0.0.0-py3.10.egg-info
[4.873s] running install_scripts
[4.960s] Installing manual_drive script to /home/lunabotics/lunabotics-csu25/lunabotics_workspace/src/manual_drive/install/manual_drive/lib/manual_drive
[4.962s] writing list of installed files to '/home/lunabotics/lunabotics-csu25/lunabotics_workspace/src/manual_drive/build/manual_drive/install.log'
[5.099s] Invoked command in '/home/lunabotics/lunabotics-csu25/lunabotics_workspace/src/manual_drive' returned '0': PYTHONPATH=/home/lunabotics/lunabotics-csu25/lunabotics_workspace/src/manual_drive/build/manual_drive/prefix_override:/usr/lib/python3/dist-packages/colcon_core/task/python/colcon_distutils_commands:/home/lunabotics/lunabotics-csu25/lunabotics_workspace/src/manual_drive/install/manual_drive/lib/python3.10/site-packages:${PYTHONPATH} /usr/bin/python3 -W ignore:setup.py install is deprecated -W ignore:easy_install command is deprecated setup.py egg_info --egg-base build/manual_drive build --build-base /home/lunabotics/lunabotics-csu25/lunabotics_workspace/src/manual_drive/build/manual_drive/build install --record /home/lunabotics/lunabotics-csu25/lunabotics_workspace/src/manual_drive/build/manual_drive/install.log --single-version-externally-managed install_data
