[3.258s] Invoking command in '/home/lunabotics/lunabotics_workspace/src/ctrl_to_motor': PYTHONPATH=/home/lunabotics/lunabotics_workspace/build/ctrl_to_motor/prefix_override:/usr/lib/python3/dist-packages/colcon_core/task/python/colcon_distutils_commands:/home/lunabotics/lunabotics_workspace/install/ctrl_to_motor/lib/python3.10/site-packages:${PYTHONPATH} /usr/bin/python3 -W ignore:setup.py install is deprecated -W ignore:easy_install command is deprecated setup.py egg_info --egg-base ../../build/ctrl_to_motor build --build-base /home/lunabotics/lunabotics_workspace/build/ctrl_to_motor/build install --record /home/lunabotics/lunabotics_workspace/build/ctrl_to_motor/install.log --single-version-externally-managed install_data
[4.505s] running egg_info
[4.508s] writing ../../build/ctrl_to_motor/ctrl_to_motor.egg-info/PKG-INFO
[4.509s] writing dependency_links to ../../build/ctrl_to_motor/ctrl_to_motor.egg-info/dependency_links.txt
[4.510s] writing entry points to ../../build/ctrl_to_motor/ctrl_to_motor.egg-info/entry_points.txt
[4.511s] writing requirements to ../../build/ctrl_to_motor/ctrl_to_motor.egg-info/requires.txt
[4.511s] writing top-level names to ../../build/ctrl_to_motor/ctrl_to_motor.egg-info/top_level.txt
[4.520s] reading manifest file '../../build/ctrl_to_motor/ctrl_to_motor.egg-info/SOURCES.txt'
[4.524s] writing manifest file '../../build/ctrl_to_motor/ctrl_to_motor.egg-info/SOURCES.txt'
[4.524s] running build
[4.525s] running build_py
[4.531s] running install
[4.533s] running install_lib
[4.538s] running install_data
[4.539s] running install_egg_info
[4.547s] removing '/home/lunabotics/lunabotics_workspace/install/ctrl_to_motor/lib/python3.10/site-packages/ctrl_to_motor-0.0.0-py3.10.egg-info' (and everything under it)
[4.548s] Copying ../../build/ctrl_to_motor/ctrl_to_motor.egg-info to /home/lunabotics/lunabotics_workspace/install/ctrl_to_motor/lib/python3.10/site-packages/ctrl_to_motor-0.0.0-py3.10.egg-info
[4.553s] running install_scripts
[4.641s] Installing ctrl_to_motor script to /home/lunabotics/lunabotics_workspace/install/ctrl_to_motor/lib/ctrl_to_motor
[4.643s] writing list of installed files to '/home/lunabotics/lunabotics_workspace/build/ctrl_to_motor/install.log'
[4.789s] Invoked command in '/home/lunabotics/lunabotics_workspace/src/ctrl_to_motor' returned '0': PYTHONPATH=/home/lunabotics/lunabotics_workspace/build/ctrl_to_motor/prefix_override:/usr/lib/python3/dist-packages/colcon_core/task/python/colcon_distutils_commands:/home/lunabotics/lunabotics_workspace/install/ctrl_to_motor/lib/python3.10/site-packages:${PYTHONPATH} /usr/bin/python3 -W ignore:setup.py install is deprecated -W ignore:easy_install command is deprecated setup.py egg_info --egg-base ../../build/ctrl_to_motor build --build-base /home/lunabotics/lunabotics_workspace/build/ctrl_to_motor/build install --record /home/lunabotics/lunabotics_workspace/build/ctrl_to_motor/install.log --single-version-externally-managed install_data
