[0.755s] DEBUG:colcon:Command line arguments: ['/usr/bin/colcon', 'build']
[0.755s] DEBUG:colcon:Parsed command line arguments: Namespace(log_base=None, log_level=None, verb_name='build', build_base='build', install_base='install', merge_install=False, symlink_install=False, test_result_base=None, continue_on_error=False, executor='parallel', parallel_workers=4, event_handlers=None, ignore_user_meta=False, metas=['./colcon.meta'], base_paths=['.'], packages_ignore=None, packages_ignore_regex=None, paths=None, packages_up_to=None, packages_up_to_regex=None, packages_above=None, packages_above_and_dependencies=None, packages_above_depth=None, packages_select_by_dep=None, packages_skip_by_dep=None, packages_skip_up_to=None, packages_select_build_failed=False, packages_skip_build_finished=False, packages_select_test_failures=False, packages_skip_test_passed=False, packages_select=None, packages_skip=None, packages_select_regex=None, packages_skip_regex=None, packages_start=None, packages_end=None, allow_overriding=[], cmake_args=None, cmake_target=None, cmake_target_skip_unavailable=False, cmake_clean_cache=False, cmake_clean_first=False, cmake_force_configure=False, ament_cmake_args=None, catkin_cmake_args=None, catkin_skip_building_tests=False, mixin_files=None, mixin=None, verb_parser=<colcon_mixin.mixin.mixin_argument.MixinArgumentDecorator object at 0xffffa145f040>, verb_extension=<colcon_core.verb.build.BuildVerb object at 0xffffa15f7f40>, main=<bound method BuildVerb.main of <colcon_core.verb.build.BuildVerb object at 0xffffa15f7f40>>, mixin_verb=('build',))
[2.105s] Level 1:colcon.colcon_core.package_discovery:discover_packages(colcon_meta) check parameters
[2.107s] Level 1:colcon.colcon_core.package_discovery:discover_packages(recursive) check parameters
[2.107s] Level 1:colcon.colcon_core.package_discovery:discover_packages(ignore) check parameters
[2.107s] Level 1:colcon.colcon_core.package_discovery:discover_packages(path) check parameters
[2.107s] Level 1:colcon.colcon_core.package_discovery:discover_packages(colcon_meta) discover
[2.108s] Level 1:colcon.colcon_core.package_discovery:discover_packages(recursive) discover
[2.109s] INFO:colcon.colcon_core.package_discovery:Crawling recursively for packages in '/home/lunabotics/lunabotics-csu25/lunabotics_workspace/src/manual_drive'
[2.109s] Level 1:colcon.colcon_core.package_identification:_identify(.) by extensions ['ignore', 'ignore_ament_install']
[2.110s] Level 1:colcon.colcon_core.package_identification:_identify(.) by extension 'ignore'
[2.110s] Level 1:colcon.colcon_core.package_identification:_identify(.) by extension 'ignore_ament_install'
[2.110s] Level 1:colcon.colcon_core.package_identification:_identify(.) by extensions ['colcon_pkg']
[2.110s] Level 1:colcon.colcon_core.package_identification:_identify(.) by extension 'colcon_pkg'
[2.111s] Level 1:colcon.colcon_core.package_identification:_identify(.) by extensions ['colcon_meta']
[2.111s] Level 1:colcon.colcon_core.package_identification:_identify(.) by extension 'colcon_meta'
[2.111s] Level 1:colcon.colcon_core.package_identification:_identify(.) by extensions ['ros']
[2.111s] Level 1:colcon.colcon_core.package_identification:_identify(.) by extension 'ros'
[2.194s] DEBUG:colcon.colcon_core.package_identification:Package '.' with type 'ros.ament_python' and name 'manual_drive'
[2.194s] Level 1:colcon.colcon_core.package_discovery:discover_packages(recursive) using defaults
[2.194s] Level 1:colcon.colcon_core.package_discovery:discover_packages(ignore) discover
[2.194s] Level 1:colcon.colcon_core.package_discovery:discover_packages(ignore) using defaults
[2.194s] Level 1:colcon.colcon_core.package_discovery:discover_packages(path) discover
[2.195s] Level 1:colcon.colcon_core.package_discovery:discover_packages(path) using defaults
[2.388s] Level 1:colcon.colcon_core.package_discovery:discover_packages(prefix_path) check parameters
[2.388s] Level 1:colcon.colcon_core.package_discovery:discover_packages(prefix_path) discover
[2.406s] DEBUG:colcon.colcon_installed_package_information.package_discovery:Found 8 installed packages in /home/lunabotics/lunabotics-csu25/lunabotics_workspace/install
[2.416s] DEBUG:colcon.colcon_installed_package_information.package_discovery:Found 283 installed packages in /opt/ros/humble
[2.423s] Level 1:colcon.colcon_core.package_discovery:discover_packages(prefix_path) using defaults
[2.635s] Level 5:colcon.colcon_core.verb:set package 'manual_drive' build argument 'cmake_args' from command line to 'None'
[2.635s] Level 5:colcon.colcon_core.verb:set package 'manual_drive' build argument 'cmake_target' from command line to 'None'
[2.635s] Level 5:colcon.colcon_core.verb:set package 'manual_drive' build argument 'cmake_target_skip_unavailable' from command line to 'False'
[2.635s] Level 5:colcon.colcon_core.verb:set package 'manual_drive' build argument 'cmake_clean_cache' from command line to 'False'
[2.635s] Level 5:colcon.colcon_core.verb:set package 'manual_drive' build argument 'cmake_clean_first' from command line to 'False'
[2.635s] Level 5:colcon.colcon_core.verb:set package 'manual_drive' build argument 'cmake_force_configure' from command line to 'False'
[2.636s] Level 5:colcon.colcon_core.verb:set package 'manual_drive' build argument 'ament_cmake_args' from command line to 'None'
[2.636s] Level 5:colcon.colcon_core.verb:set package 'manual_drive' build argument 'catkin_cmake_args' from command line to 'None'
[2.636s] Level 5:colcon.colcon_core.verb:set package 'manual_drive' build argument 'catkin_skip_building_tests' from command line to 'False'
[2.636s] DEBUG:colcon.colcon_core.verb:Building package 'manual_drive' with the following arguments: {'ament_cmake_args': None, 'build_base': '/home/lunabotics/lunabotics-csu25/lunabotics_workspace/src/manual_drive/build/manual_drive', 'catkin_cmake_args': None, 'catkin_skip_building_tests': False, 'cmake_args': None, 'cmake_clean_cache': False, 'cmake_clean_first': False, 'cmake_force_configure': False, 'cmake_target': None, 'cmake_target_skip_unavailable': False, 'install_base': '/home/lunabotics/lunabotics-csu25/lunabotics_workspace/src/manual_drive/install/manual_drive', 'merge_install': False, 'path': '/home/lunabotics/lunabotics-csu25/lunabotics_workspace/src/manual_drive', 'symlink_install': False, 'test_result_base': None}
[2.636s] INFO:colcon.colcon_core.executor:Executing jobs using 'parallel' executor
[2.640s] DEBUG:colcon.colcon_parallel_executor.executor.parallel:run_until_complete
[2.641s] INFO:colcon.colcon_ros.task.ament_python.build:Building ROS package in '/home/lunabotics/lunabotics-csu25/lunabotics_workspace/src/manual_drive' with build type 'ament_python'
[2.641s] Level 1:colcon.colcon_core.shell:create_environment_hook('manual_drive', 'ament_prefix_path')
[2.666s] INFO:colcon.colcon_core.plugin_system:Skipping extension 'colcon_core.shell.bat': Not used on non-Windows systems
[2.668s] INFO:colcon.colcon_core.shell:Creating environment hook '/home/lunabotics/lunabotics-csu25/lunabotics_workspace/src/manual_drive/install/manual_drive/share/manual_drive/hook/ament_prefix_path.ps1'
[2.676s] INFO:colcon.colcon_core.shell:Creating environment descriptor '/home/lunabotics/lunabotics-csu25/lunabotics_workspace/src/manual_drive/install/manual_drive/share/manual_drive/hook/ament_prefix_path.dsv'
[2.682s] INFO:colcon.colcon_core.shell:Creating environment hook '/home/lunabotics/lunabotics-csu25/lunabotics_workspace/src/manual_drive/install/manual_drive/share/manual_drive/hook/ament_prefix_path.sh'
[2.687s] INFO:colcon.colcon_core.shell:Skip shell extension 'powershell' for command environment: Not usable outside of PowerShell
[2.687s] DEBUG:colcon.colcon_core.shell:Skip shell extension 'dsv' for command environment
[4.112s] INFO:colcon.colcon_core.task.python.build:Building Python package in '/home/lunabotics/lunabotics-csu25/lunabotics_workspace/src/manual_drive'
[4.113s] INFO:colcon.colcon_core.shell:Skip shell extension 'powershell' for command environment: Not usable outside of PowerShell
[4.113s] DEBUG:colcon.colcon_core.shell:Skip shell extension 'dsv' for command environment
[6.089s] DEBUG:colcon.colcon_core.event_handler.log_command:Invoking command in '/home/lunabotics/lunabotics-csu25/lunabotics_workspace/src/manual_drive': PYTHONPATH=/home/lunabotics/lunabotics-csu25/lunabotics_workspace/src/manual_drive/build/manual_drive/prefix_override:/usr/lib/python3/dist-packages/colcon_core/task/python/colcon_distutils_commands:/home/lunabotics/lunabotics-csu25/lunabotics_workspace/src/manual_drive/install/manual_drive/lib/python3.10/site-packages:${PYTHONPATH} /usr/bin/python3 -W ignore:setup.py install is deprecated -W ignore:easy_install command is deprecated setup.py egg_info --egg-base build/manual_drive build --build-base /home/lunabotics/lunabotics-csu25/lunabotics_workspace/src/manual_drive/build/manual_drive/build install --record /home/lunabotics/lunabotics-csu25/lunabotics_workspace/src/manual_drive/build/manual_drive/install.log --single-version-externally-managed install_data
[7.731s] DEBUG:colcon.colcon_core.event_handler.log_command:Invoked command in '/home/lunabotics/lunabotics-csu25/lunabotics_workspace/src/manual_drive' returned '0': PYTHONPATH=/home/lunabotics/lunabotics-csu25/lunabotics_workspace/src/manual_drive/build/manual_drive/prefix_override:/usr/lib/python3/dist-packages/colcon_core/task/python/colcon_distutils_commands:/home/lunabotics/lunabotics-csu25/lunabotics_workspace/src/manual_drive/install/manual_drive/lib/python3.10/site-packages:${PYTHONPATH} /usr/bin/python3 -W ignore:setup.py install is deprecated -W ignore:easy_install command is deprecated setup.py egg_info --egg-base build/manual_drive build --build-base /home/lunabotics/lunabotics-csu25/lunabotics_workspace/src/manual_drive/build/manual_drive/build install --record /home/lunabotics/lunabotics-csu25/lunabotics_workspace/src/manual_drive/build/manual_drive/install.log --single-version-externally-managed install_data
[7.754s] Level 1:colcon.colcon_core.environment:checking '/home/lunabotics/lunabotics-csu25/lunabotics_workspace/src/manual_drive/install/manual_drive' for CMake module files
[7.758s] Level 1:colcon.colcon_core.environment:checking '/home/lunabotics/lunabotics-csu25/lunabotics_workspace/src/manual_drive/install/manual_drive' for CMake config files
[7.765s] Level 1:colcon.colcon_core.environment:checking '/home/lunabotics/lunabotics-csu25/lunabotics_workspace/src/manual_drive/install/manual_drive/lib'
[7.766s] Level 1:colcon.colcon_core.environment:checking '/home/lunabotics/lunabotics-csu25/lunabotics_workspace/src/manual_drive/install/manual_drive/bin'
[7.766s] Level 1:colcon.colcon_core.environment:checking '/home/lunabotics/lunabotics-csu25/lunabotics_workspace/src/manual_drive/install/manual_drive/lib/pkgconfig/manual_drive.pc'
[7.767s] Level 1:colcon.colcon_core.environment:checking '/home/lunabotics/lunabotics-csu25/lunabotics_workspace/src/manual_drive/install/manual_drive/lib/python3.10/site-packages'
[7.768s] Level 1:colcon.colcon_core.shell:create_environment_hook('manual_drive', 'pythonpath')
[7.769s] INFO:colcon.colcon_core.shell:Creating environment hook '/home/lunabotics/lunabotics-csu25/lunabotics_workspace/src/manual_drive/install/manual_drive/share/manual_drive/hook/pythonpath.ps1'
[7.771s] INFO:colcon.colcon_core.shell:Creating environment descriptor '/home/lunabotics/lunabotics-csu25/lunabotics_workspace/src/manual_drive/install/manual_drive/share/manual_drive/hook/pythonpath.dsv'
[7.774s] INFO:colcon.colcon_core.shell:Creating environment hook '/home/lunabotics/lunabotics-csu25/lunabotics_workspace/src/manual_drive/install/manual_drive/share/manual_drive/hook/pythonpath.sh'
[7.780s] Level 1:colcon.colcon_core.environment:checking '/home/lunabotics/lunabotics-csu25/lunabotics_workspace/src/manual_drive/install/manual_drive/bin'
[7.781s] Level 1:colcon.colcon_core.environment:create_environment_scripts_only(manual_drive)
[7.782s] INFO:colcon.colcon_core.shell:Creating package script '/home/lunabotics/lunabotics-csu25/lunabotics_workspace/src/manual_drive/install/manual_drive/share/manual_drive/package.ps1'
[7.787s] INFO:colcon.colcon_core.shell:Creating package descriptor '/home/lunabotics/lunabotics-csu25/lunabotics_workspace/src/manual_drive/install/manual_drive/share/manual_drive/package.dsv'
[7.791s] INFO:colcon.colcon_core.shell:Creating package script '/home/lunabotics/lunabotics-csu25/lunabotics_workspace/src/manual_drive/install/manual_drive/share/manual_drive/package.sh'
[7.795s] INFO:colcon.colcon_core.shell:Creating package script '/home/lunabotics/lunabotics-csu25/lunabotics_workspace/src/manual_drive/install/manual_drive/share/manual_drive/package.bash'
[7.800s] INFO:colcon.colcon_core.shell:Creating package script '/home/lunabotics/lunabotics-csu25/lunabotics_workspace/src/manual_drive/install/manual_drive/share/manual_drive/package.zsh'
[7.805s] Level 1:colcon.colcon_core.environment:create_file_with_runtime_dependencies(/home/lunabotics/lunabotics-csu25/lunabotics_workspace/src/manual_drive/install/manual_drive/share/colcon-core/packages/manual_drive)
[7.806s] DEBUG:colcon.colcon_parallel_executor.executor.parallel:closing loop
[7.808s] DEBUG:colcon.colcon_parallel_executor.executor.parallel:loop closed
[7.809s] DEBUG:colcon.colcon_parallel_executor.executor.parallel:run_until_complete finished with '0'
[7.809s] DEBUG:colcon.colcon_core.event_reactor:joining thread
[7.847s] INFO:colcon.colcon_core.plugin_system:Skipping extension 'colcon_notification.desktop_notification.terminal_notifier': Not used on non-Darwin systems
[7.847s] INFO:colcon.colcon_core.plugin_system:Skipping extension 'colcon_notification.desktop_notification.win32': Not used on non-Windows systems
[7.848s] INFO:colcon.colcon_notification.desktop_notification:Sending desktop notification using 'notify2'
[7.965s] DEBUG:colcon.colcon_core.event_reactor:joined thread
[7.967s] INFO:colcon.colcon_core.shell:Creating prefix script '/home/lunabotics/lunabotics-csu25/lunabotics_workspace/src/manual_drive/install/local_setup.ps1'
[7.977s] INFO:colcon.colcon_core.shell:Creating prefix util module '/home/lunabotics/lunabotics-csu25/lunabotics_workspace/src/manual_drive/install/_local_setup_util_ps1.py'
[7.988s] INFO:colcon.colcon_core.shell:Creating prefix chain script '/home/lunabotics/lunabotics-csu25/lunabotics_workspace/src/manual_drive/install/setup.ps1'
[7.999s] INFO:colcon.colcon_core.shell:Creating prefix script '/home/lunabotics/lunabotics-csu25/lunabotics_workspace/src/manual_drive/install/local_setup.sh'
[8.004s] INFO:colcon.colcon_core.shell:Creating prefix util module '/home/lunabotics/lunabotics-csu25/lunabotics_workspace/src/manual_drive/install/_local_setup_util_sh.py'
[8.008s] INFO:colcon.colcon_core.shell:Creating prefix chain script '/home/lunabotics/lunabotics-csu25/lunabotics_workspace/src/manual_drive/install/setup.sh'
[8.018s] INFO:colcon.colcon_core.shell:Creating prefix script '/home/lunabotics/lunabotics-csu25/lunabotics_workspace/src/manual_drive/install/local_setup.bash'
[8.024s] INFO:colcon.colcon_core.shell:Creating prefix chain script '/home/lunabotics/lunabotics-csu25/lunabotics_workspace/src/manual_drive/install/setup.bash'
[8.036s] INFO:colcon.colcon_core.shell:Creating prefix script '/home/lunabotics/lunabotics-csu25/lunabotics_workspace/src/manual_drive/install/local_setup.zsh'
[8.041s] INFO:colcon.colcon_core.shell:Creating prefix chain script '/home/lunabotics/lunabotics-csu25/lunabotics_workspace/src/manual_drive/install/setup.zsh'
