[4.734s] Invoking command in '/home/lunabotics/lunabotics_workspace/src/keyboard_to_motor': PYTHONPATH=/home/lunabotics/lunabotics_workspace/build/keyboard_to_motor/prefix_override:/usr/lib/python3/dist-packages/colcon_core/task/python/colcon_distutils_commands:/home/lunabotics/lunabotics_workspace/install/keyboard_to_motor/lib/python3.10/site-packages:${PYTHONPATH} /usr/bin/python3 -W ignore:setup.py install is deprecated -W ignore:easy_install command is deprecated setup.py egg_info --egg-base ../../build/keyboard_to_motor build --build-base /home/lunabotics/lunabotics_workspace/build/keyboard_to_motor/build install --record /home/lunabotics/lunabotics_workspace/build/keyboard_to_motor/install.log --single-version-externally-managed install_data
[6.067s] running egg_info
[6.070s] creating ../../build/keyboard_to_motor/keyboard_to_motor.egg-info
[6.071s] writing ../../build/keyboard_to_motor/keyboard_to_motor.egg-info/PKG-INFO
[6.072s] writing dependency_links to ../../build/keyboard_to_motor/keyboard_to_motor.egg-info/dependency_links.txt
[6.073s] writing entry points to ../../build/keyboard_to_motor/keyboard_to_motor.egg-info/entry_points.txt
[6.074s] writing requirements to ../../build/keyboard_to_motor/keyboard_to_motor.egg-info/requires.txt
[6.074s] writing top-level names to ../../build/keyboard_to_motor/keyboard_to_motor.egg-info/top_level.txt
[6.075s] writing manifest file '../../build/keyboard_to_motor/keyboard_to_motor.egg-info/SOURCES.txt'
[6.084s] reading manifest file '../../build/keyboard_to_motor/keyboard_to_motor.egg-info/SOURCES.txt'
[6.087s] writing manifest file '../../build/keyboard_to_motor/keyboard_to_motor.egg-info/SOURCES.txt'
[6.089s] running build
[6.090s] running build_py
[6.090s] creating /home/lunabotics/lunabotics_workspace/build/keyboard_to_motor/build
[6.091s] creating /home/lunabotics/lunabotics_workspace/build/keyboard_to_motor/build/lib
[6.092s] creating /home/lunabotics/lunabotics_workspace/build/keyboard_to_motor/build/lib/keyboard_to_motor
[6.093s] copying keyboard_to_motor/__init__.py -> /home/lunabotics/lunabotics_workspace/build/keyboard_to_motor/build/lib/keyboard_to_motor
[6.094s] copying keyboard_to_motor/keyboard_to_motor.py -> /home/lunabotics/lunabotics_workspace/build/keyboard_to_motor/build/lib/keyboard_to_motor
[6.095s] running install
[6.095s] running install_lib
[6.099s] creating /home/lunabotics/lunabotics_workspace/install/keyboard_to_motor/lib/python3.10/site-packages/keyboard_to_motor
[6.100s] copying /home/lunabotics/lunabotics_workspace/build/keyboard_to_motor/build/lib/keyboard_to_motor/__init__.py -> /home/lunabotics/lunabotics_workspace/install/keyboard_to_motor/lib/python3.10/site-packages/keyboard_to_motor
[6.101s] copying /home/lunabotics/lunabotics_workspace/build/keyboard_to_motor/build/lib/keyboard_to_motor/keyboard_to_motor.py -> /home/lunabotics/lunabotics_workspace/install/keyboard_to_motor/lib/python3.10/site-packages/keyboard_to_motor
[6.103s] byte-compiling /home/lunabotics/lunabotics_workspace/install/keyboard_to_motor/lib/python3.10/site-packages/keyboard_to_motor/__init__.py to __init__.cpython-310.pyc
[6.105s] byte-compiling /home/lunabotics/lunabotics_workspace/install/keyboard_to_motor/lib/python3.10/site-packages/keyboard_to_motor/keyboard_to_motor.py to keyboard_to_motor.cpython-310.pyc
[6.108s] running install_data
[6.109s] creating /home/lunabotics/lunabotics_workspace/install/keyboard_to_motor/share/ament_index
[6.110s] creating /home/lunabotics/lunabotics_workspace/install/keyboard_to_motor/share/ament_index/resource_index
[6.110s] creating /home/lunabotics/lunabotics_workspace/install/keyboard_to_motor/share/ament_index/resource_index/packages
[6.113s] copying resource/keyboard_to_motor -> /home/lunabotics/lunabotics_workspace/install/keyboard_to_motor/share/ament_index/resource_index/packages
[6.113s] copying package.xml -> /home/lunabotics/lunabotics_workspace/install/keyboard_to_motor/share/keyboard_to_motor
[6.114s] running install_egg_info
[6.133s] Copying ../../build/keyboard_to_motor/keyboard_to_motor.egg-info to /home/lunabotics/lunabotics_workspace/install/keyboard_to_motor/lib/python3.10/site-packages/keyboard_to_motor-0.0.0-py3.10.egg-info
[6.134s] running install_scripts
[6.244s] Installing keyboard_to_motor script to /home/lunabotics/lunabotics_workspace/install/keyboard_to_motor/lib/keyboard_to_motor
[6.248s] writing list of installed files to '/home/lunabotics/lunabotics_workspace/build/keyboard_to_motor/install.log'
[6.519s] Invoked command in '/home/lunabotics/lunabotics_workspace/src/keyboard_to_motor' returned '0': PYTHONPATH=/home/lunabotics/lunabotics_workspace/build/keyboard_to_motor/prefix_override:/usr/lib/python3/dist-packages/colcon_core/task/python/colcon_distutils_commands:/home/lunabotics/lunabotics_workspace/install/keyboard_to_motor/lib/python3.10/site-packages:${PYTHONPATH} /usr/bin/python3 -W ignore:setup.py install is deprecated -W ignore:easy_install command is deprecated setup.py egg_info --egg-base ../../build/keyboard_to_motor build --build-base /home/lunabotics/lunabotics_workspace/build/keyboard_to_motor/build install --record /home/lunabotics/lunabotics_workspace/build/keyboard_to_motor/install.log --single-version-externally-managed install_data
