running egg_info
creating ../../build/ctrl_to_motor/ctrl_to_motor.egg-info
writing ../../build/ctrl_to_motor/ctrl_to_motor.egg-info/PKG-INFO
writing dependency_links to ../../build/ctrl_to_motor/ctrl_to_motor.egg-info/dependency_links.txt
writing entry points to ../../build/ctrl_to_motor/ctrl_to_motor.egg-info/entry_points.txt
writing requirements to ../../build/ctrl_to_motor/ctrl_to_motor.egg-info/requires.txt
writing top-level names to ../../build/ctrl_to_motor/ctrl_to_motor.egg-info/top_level.txt
writing manifest file '../../build/ctrl_to_motor/ctrl_to_motor.egg-info/SOURCES.txt'
reading manifest file '../../build/ctrl_to_motor/ctrl_to_motor.egg-info/SOURCES.txt'
writing manifest file '../../build/ctrl_to_motor/ctrl_to_motor.egg-info/SOURCES.txt'
running build
running build_py
creating /home/lunabotics/lunabotics_workspace/build/ctrl_to_motor/build
creating /home/lunabotics/lunabotics_workspace/build/ctrl_to_motor/build/lib
creating /home/lunabotics/lunabotics_workspace/build/ctrl_to_motor/build/lib/ctrl_to_motor
copying ctrl_to_motor/__init__.py -> /home/lunabotics/lunabotics_workspace/build/ctrl_to_motor/build/lib/ctrl_to_motor
copying ctrl_to_motor/ctrl_to_motor.py -> /home/lunabotics/lunabotics_workspace/build/ctrl_to_motor/build/lib/ctrl_to_motor
running install
running install_lib
creating /home/lunabotics/lunabotics_workspace/install/ctrl_to_motor/lib/python3.10/site-packages/ctrl_to_motor
copying /home/lunabotics/lunabotics_workspace/build/ctrl_to_motor/build/lib/ctrl_to_motor/__init__.py -> /home/lunabotics/lunabotics_workspace/install/ctrl_to_motor/lib/python3.10/site-packages/ctrl_to_motor
copying /home/lunabotics/lunabotics_workspace/build/ctrl_to_motor/build/lib/ctrl_to_motor/ctrl_to_motor.py -> /home/lunabotics/lunabotics_workspace/install/ctrl_to_motor/lib/python3.10/site-packages/ctrl_to_motor
byte-compiling /home/lunabotics/lunabotics_workspace/install/ctrl_to_motor/lib/python3.10/site-packages/ctrl_to_motor/__init__.py to __init__.cpython-310.pyc
byte-compiling /home/lunabotics/lunabotics_workspace/install/ctrl_to_motor/lib/python3.10/site-packages/ctrl_to_motor/ctrl_to_motor.py to ctrl_to_motor.cpython-310.pyc
running install_data
creating /home/lunabotics/lunabotics_workspace/install/ctrl_to_motor/share/ament_index
creating /home/lunabotics/lunabotics_workspace/install/ctrl_to_motor/share/ament_index/resource_index
creating /home/lunabotics/lunabotics_workspace/install/ctrl_to_motor/share/ament_index/resource_index/packages
copying resource/ctrl_to_motor -> /home/lunabotics/lunabotics_workspace/install/ctrl_to_motor/share/ament_index/resource_index/packages
copying package.xml -> /home/lunabotics/lunabotics_workspace/install/ctrl_to_motor/share/ctrl_to_motor
running install_egg_info
Copying ../../build/ctrl_to_motor/ctrl_to_motor.egg-info to /home/lunabotics/lunabotics_workspace/install/ctrl_to_motor/lib/python3.10/site-packages/ctrl_to_motor-0.0.0-py3.10.egg-info
running install_scripts
Installing ctrl_to_motor script to /home/lunabotics/lunabotics_workspace/install/ctrl_to_motor/lib/ctrl_to_motor
writing list of installed files to '/home/lunabotics/lunabotics_workspace/build/ctrl_to_motor/install.log'
